\BOOKMARK [0][-]{chapter.1}{\376\377\000U\000n\000i\000m\000a\000p}{}% 1
\BOOKMARK [0][-]{chapter.2}{\376\377\000R\000L\000\040\000-\000\040\000I\000n\000d\000i\000r\000i\000z\000z\000a\000m\000e\000n\000t\000o\000\040\000d\000e\000g\000l\000i\000\040\000o\000p\000e\000r\000a\000n\000d\000i}{}% 2
\BOOKMARK [-1][-]{part.1}{\376\377\000I\000\040\000L\000e\000z\000i\000o\000n\000i\000\040\000i\000n\000t\000r\000o\000d\000u\000t\000t\000i\000v\000e\000\040\000e\000\040\000s\000u\000l\000l\000'\000A\000s\000s\000e\000m\000b\000l\000e\000r}{}% 3
\BOOKMARK [0][-]{chapter.3}{\376\377\000L\000u\000n\000e\000d\000\354\000\040\0000\0001\000/\0000\0003\000/\0002\0000\0002\0001}{part.1}% 4
\BOOKMARK [1][-]{section.3.1}{\376\377\000S\000c\000o\000p\000o\000\040\000d\000e\000l\000\040\000c\000o\000r\000s\000o}{chapter.3}% 5
\BOOKMARK [1][-]{section.3.2}{\376\377\000L\000a\000\040\000c\000o\000n\000f\000u\000s\000i\000o\000n\000e\000\040\000i\000n\000i\000z\000i\000a\000l\000e}{chapter.3}% 6
\BOOKMARK [1][-]{section.3.3}{\376\377\000F\000a\000c\000c\000i\000a\000m\000o\000\040\000u\000n\000\040\000p\000a\000s\000s\000o\000\040\000i\000n\000d\000i\000e\000t\000r\000o\000:\000\040\000i\000l\000\040\000M\000a\000n\000c\000h\000e\000s\000t\000e\000r\000\040\000B\000a\000b\000y}{chapter.3}% 7
\BOOKMARK [1][-]{section.3.4}{\376\377\000D\000o\000m\000a\000n\000d\000a\000\040\000f\000i\000n\000a\000l\000e\000\040\000d\000e\000l\000l\000a\000\040\000l\000e\000z\000i\000o\000n\000e}{chapter.3}% 8
\BOOKMARK [0][-]{chapter.4}{\376\377\000M\000a\000r\000t\000e\000d\000\354\000\040\0000\0002\000/\0000\0003\000/\0002\0000\0002\0001}{part.1}% 9
\BOOKMARK [1][-]{section.4.1}{\376\377\000A\000r\000c\000h\000i\000t\000e\000t\000t\000u\000r\000a\000\040\000I\000B\000M\000-\000c\000o\000m\000p\000a\000t\000i\000b\000i\000l\000e\000\040\000c\000o\000n\000\040\000p\000r\000o\000c\000e\000s\000s\000o\000r\000e\000\040\000I\000n\000t\000e\000l\000\040\000a\000\040\0006\0004\000\040\000b\000i\000t}{chapter.4}% 10
\BOOKMARK [2][-]{subsection.4.1.1}{\376\377\000S\000v\000i\000l\000u\000p\000p\000i\000\040\000d\000e\000l\000\040\000p\000r\000o\000c\000e\000s\000s\000o\000r\000e\000\040\000I\000N\000T\000E\000L}{section.4.1}% 11
\BOOKMARK [2][-]{subsection.4.1.2}{\376\377\000C\000o\000n\000f\000r\000o\000n\000t\000o\000\040\000c\000o\000l\000\040\000M\000a\000n\000c\000h\000e\000s\000t\000e\000r\000\040\000B\000a\000b\000y}{section.4.1}% 12
\BOOKMARK [3][-]{subsubsection.4.1.2.1}{\376\377\000S\000p\000a\000z\000i\000o\000\040\000d\000i\000\040\000m\000e\000m\000o\000r\000i\000a}{subsection.4.1.2}% 13
\BOOKMARK [3][-]{subsubsection.4.1.2.2}{\376\377\000I\000n\000t\000r\000o\000d\000u\000z\000i\000o\000n\000e\000\040\000d\000e\000l\000l\000a\000\040\000m\000e\000m\000o\000r\000i\000a\000\040\000R\000O\000M\000,\000\040\000u\000t\000i\000l\000i\000t\000\340\000\040\000d\000e\000l\000l\000a\000\040\000m\000e\000m\000o\000r\000i\000a\000\040\000R\000O\000M}{subsection.4.1.2}% 14
\BOOKMARK [3][-]{subsubsection.4.1.2.3}{\376\377\000D\000i\000f\000f\000e\000r\000e\000n\000z\000a\000\040\000t\000r\000a\000\040\000h\000a\000r\000d\000w\000a\000r\000e\000\040\000e\000\040\000s\000o\000f\000t\000w\000a\000r\000e}{subsection.4.1.2}% 15
\BOOKMARK [2][-]{subsection.4.1.3}{\376\377\000R\000i\000f\000l\000e\000s\000s\000i\000o\000n\000i\000\040\000a\000p\000p\000r\000o\000f\000o\000n\000d\000i\000t\000e\000\040\000s\000u\000l\000l\000a\000\040\000C\000P\000U}{section.4.1}% 16
\BOOKMARK [3][-]{subsubsection.4.1.3.1}{\376\377\000S\000p\000a\000z\000i\000o\000\040\000d\000i\000\040\000m\000e\000m\000o\000r\000i\000a\000\040\000e\000\040\000r\000e\000g\000o\000l\000e\000\040\000d\000i\000\040\000i\000n\000d\000i\000r\000i\000z\000z\000a\000m\000e\000n\000t\000o\000\040\000\050\000C\000I\000S\000C\000\051}{subsection.4.1.3}% 17
\BOOKMARK [3][-]{subsubsection.4.1.3.2}{\376\377\000P\000r\000o\000b\000l\000e\000m\000a\000:\000\040\000o\000f\000f\000s\000e\000t\000\040\000d\000e\000l\000l\000'\000i\000n\000d\000i\000r\000i\000z\000z\000o\000\040\000a\000\040\0003\0002\000\040\000b\000i\000t}{subsection.4.1.3}% 18
\BOOKMARK [3][-]{subsubsection.4.1.3.3}{\376\377\000U\000t\000i\000l\000i\000t\000\340\000\040\000d\000e\000g\000l\000i\000\040\000i\000n\000d\000i\000r\000i\000z\000z\000a\000m\000e\000n\000t\000i\000\040\000n\000e\000l\000l\000e\000\040\000s\000t\000r\000u\000t\000t\000u\000r\000e\000\040\000d\000a\000t\000i}{subsection.4.1.3}% 19
\BOOKMARK [3][-]{subsubsection.4.1.3.4}{\376\377\000R\000e\000g\000i\000s\000t\000r\000i}{subsection.4.1.3}% 20
\BOOKMARK [0][-]{chapter.5}{\376\377\000G\000i\000o\000v\000e\000d\000\354\000\040\0000\0004\000/\0000\0003\000/\0002\0000\0002\0001\000\040\000e\000\040\000V\000e\000n\000e\000r\000d\000\354\000\040\0000\0005\000/\0000\0003\000/\0002\0000\0002\0001}{part.1}% 21
\BOOKMARK [1][-]{section.5.1}{\376\377\000U\000n\000i\000t\000\340\000\040\000d\000i\000\040\000m\000i\000s\000u\000r\000a\000\040\000d\000e\000l\000l\000a\000\040\000m\000e\000m\000o\000r\000i\000a}{chapter.5}% 22
\BOOKMARK [1][-]{section.5.2}{\376\377\000S\000p\000a\000z\000i\000o\000\040\000d\000i\000\040\000m\000e\000m\000o\000r\000i\000a\000\040\000n\000o\000n\000\040\000c\000o\000m\000p\000l\000e\000t\000o\000\040\000e\000\040\000"\000b\000u\000c\000o\000"}{chapter.5}% 23
\BOOKMARK [1][-]{section.5.3}{\376\377\000E\000s\000e\000m\000p\000i\000o\000\040\000d\000i\000\040\000p\000r\000o\000g\000r\000a\000m\000m\000a\000\040\000A\000s\000s\000e\000m\000b\000l\000e\000r}{chapter.5}% 24
\BOOKMARK [2][-]{subsection.5.3.1}{\376\377\000D\000e\000b\000u\000g\000g\000e\000r}{section.5.3}% 25
\BOOKMARK [1][-]{section.5.4}{\376\377\000I\000n\000d\000i\000r\000i\000z\000z\000i}{chapter.5}% 26
\BOOKMARK [2][-]{subsection.5.4.1}{\376\377\000O\000f\000f\000s\000e\000t\000\040\000\050\000o\000\040\000s\000c\000o\000s\000t\000a\000m\000e\000n\000t\000o\000\051}{section.5.4}% 27
\BOOKMARK [2][-]{subsection.5.4.2}{\376\377\000I\000n\000t\000e\000r\000v\000a\000l\000l\000i\000\040\000\050\000r\000a\000n\000g\000e\000\051}{section.5.4}% 28
\BOOKMARK [3][-]{subsubsection.5.4.2.1}{\376\377\000D\000i\000v\000i\000s\000i\000o\000n\000e\000\040\000d\000e\000l\000l\000o\000\040\000s\000p\000a\000z\000i\000o\000\040\000d\000i\000\040\000m\000e\000m\000o\000r\000i\000a\000\040\000i\000n\000\040\000p\000a\000r\000t\000i\000\040\000u\000g\000u\000a\000l\000i}{subsection.5.4.2}% 29
\BOOKMARK [0][-]{chapter.6}{\376\377\000L\000u\000n\000e\000d\000\354\000\040\0000\0008\000/\0000\0003\000/\0002\0000\0002\0001}{part.1}% 30
\BOOKMARK [1][-]{section.6.1}{\376\377\000R\000i\000p\000r\000e\000n\000d\000i\000a\000m\000o\000\040\000s\000u\000l\000l\000o\000\040\000s\000p\000a\000z\000i\000o\000\040\000d\000i\000\040\000m\000e\000m\000o\000r\000i\000a}{chapter.6}% 31
\BOOKMARK [2][-]{subsection.6.1.1}{\376\377\000e\000n\000d\000i\000a\000n\000n\000e\000s}{section.6.1}% 32
\BOOKMARK [2][-]{subsection.6.1.2}{\376\377\000p\000a\000r\000a\000l\000l\000e\000l\000i\000s\000m\000o}{section.6.1}% 33
\BOOKMARK [3][-]{subsubsection.6.1.2.1}{\376\377\000I\000m\000m\000a\000g\000i\000n\000e\000\040\000d\000e\000l\000l\000o\000\040\000s\000p\000a\000z\000i\000o\000\040\000d\000i\000\040\000m\000e\000m\000o\000r\000i\000a}{subsection.6.1.2}% 34
\BOOKMARK [3][-]{subsubsection.6.1.2.2}{\376\377\000O\000r\000g\000a\000n\000i\000z\000z\000a\000z\000i\000o\000n\000e\000\040\000d\000e\000l\000l\000a\000\040\000R\000A\000M}{subsection.6.1.2}% 35
\BOOKMARK [3][-]{subsubsection.6.1.2.3}{\376\377\000O\000s\000s\000e\000r\000v\000a\000z\000i\000o\000n\000i\000\040\000s\000u\000\040\000l\000e\000t\000t\000u\000r\000a\000\040\000d\000i\000s\000a\000l\000l\000i\000n\000e\000a\000t\000a}{subsection.6.1.2}% 36
\BOOKMARK [0][-]{chapter.7}{\376\377\000M\000a\000r\000t\000e\000d\000\354\000\040\0000\0009\000/\0000\0003\000/\0002\0000\0002\0001}{part.1}% 37
\BOOKMARK [1][-]{section.7.1}{\376\377\000I\000n\000i\000z\000i\000a\000m\000o\000\040\000a\000d\000\040\000u\000c\000c\000i\000d\000e\000r\000e\000\040\000i\000l\000\040\000c\000o\000m\000p\000i\000l\000a\000t\000o\000r\000e}{chapter.7}% 38
\BOOKMARK [2][-]{subsection.7.1.1}{\376\377\000E\000s\000e\000r\000c\000i\000z\000i\000o\000\040\000d\000a\000i\000\040\000l\000u\000c\000i\000d\000i\000\040\000d\000e\000l\000\040\000p\000r\000o\000f\000.\000F\000r\000o\000s\000i\000n\000i}{section.7.1}% 39
\BOOKMARK [0][-]{chapter.8}{\376\377\000G\000i\000o\000v\000e\000d\000\354\000\040\0001\0001\000/\0000\0003\000/\0002\0000\0002\0001}{part.1}% 40
\BOOKMARK [1][-]{section.8.1}{\376\377\000P\000r\000o\000g\000r\000a\000m\000m\000i\000\040\000m\000i\000s\000t\000i\000\040\000C\000+\000+\000/\000A\000s\000s\000e\000m\000b\000l\000e\000r}{chapter.8}% 41
\BOOKMARK [2][-]{subsection.8.1.1}{\376\377\000g\000+\000+\000\040\000e\000\040\000s\000t\000a\000r\000t\000f\000i\000l\000e\000s}{section.8.1}% 42
\BOOKMARK [2][-]{subsection.8.1.2}{\376\377\000g\000+\000+\000\040\000e\000\040\000o\000v\000e\000r\000l\000o\000a\000d\000i\000n\000g}{section.8.1}% 43
\BOOKMARK [2][-]{subsection.8.1.3}{\376\377\000U\000s\000o\000\040\000d\000e\000i\000\040\000r\000e\000g\000i\000s\000t\000r\000i}{section.8.1}% 44
\BOOKMARK [2][-]{subsection.8.1.4}{\376\377\000R\000a\000p\000p\000r\000e\000s\000e\000n\000t\000a\000z\000i\000o\000n\000e\000\040\000d\000e\000i\000\040\000d\000a\000t\000i}{section.8.1}% 45
\BOOKMARK [3][-]{subsubsection.8.1.4.1}{\376\377\000T\000i\000p\000i\000\040\000f\000o\000n\000d\000a\000m\000e\000n\000t\000a\000l\000i}{subsection.8.1.4}% 46
\BOOKMARK [3][-]{subsubsection.8.1.4.2}{\376\377\000T\000i\000p\000i\000\040\000d\000e\000r\000i\000v\000a\000t\000i}{subsection.8.1.4}% 47
\BOOKMARK [3][-]{subsubsection.8.1.4.3}{\376\377\000P\000r\000i\000m\000o\000\040\000e\000s\000e\000m\000p\000i\000o\000\040\000d\000i\000\040\000s\000t\000r\000u\000t\000t\000u\000r\000a}{subsection.8.1.4}% 48
\BOOKMARK [3][-]{subsubsection.8.1.4.4}{\376\377\000S\000e\000c\000o\000n\000d\000o\000\040\000e\000s\000e\000m\000p\000i\000o\000\040\000d\000i\000\040\000s\000t\000r\000u\000t\000t\000u\000r\000a}{subsection.8.1.4}% 49
\BOOKMARK [3][-]{subsubsection.8.1.4.5}{\376\377\000T\000e\000r\000z\000o\000\040\000e\000s\000e\000m\000p\000i\000o\000\040\000d\000i\000\040\000s\000t\000r\000u\000t\000t\000u\000r\000a}{subsection.8.1.4}% 50
\BOOKMARK [0][-]{chapter.9}{\376\377\000V\000e\000n\000e\000r\000d\000\354\000\040\0001\0002\000/\0000\0003\000/\0002\0000\0002\0001\000,\000\040\000L\000u\000n\000e\000d\000\354\000\040\0001\0005\000/\0000\0003\000/\0002\0000\0002\0001\000\040\000e\000\040\000M\000a\000r\000t\000e\000d\000\354\000\040\0001\0006\000/\0000\0003\000/\0002\0000\0002\0001}{part.1}% 51
\BOOKMARK [1][-]{section.9.1}{\376\377\000P\000r\000o\000g\000r\000a\000m\000m\000a\000z\000i\000o\000n\000e\000\040\000m\000i\000s\000t\000a\000:\000\040\000f\000u\000n\000z\000i\000o\000n\000i}{chapter.9}% 52
\BOOKMARK [2][-]{subsection.9.1.1}{\376\377\000R\000e\000c\000o\000r\000d\000\040\000d\000i\000\040\000a\000t\000t\000i\000v\000a\000z\000i\000o\000n\000e}{section.9.1}% 53
\BOOKMARK [3][-]{subsubsection.9.1.1.1}{\376\377\000P\000a\000s\000s\000a\000g\000g\000i\000o\000\040\000d\000i\000\040\000p\000a\000r\000a\000m\000e\000t\000r\000i\000\040\000i\000n\000\040\000i\000n\000g\000r\000e\000s\000s\000o}{subsection.9.1.1}% 54
\BOOKMARK [3][-]{subsubsection.9.1.1.2}{\376\377\000P\000a\000r\000a\000m\000e\000t\000r\000o\000\040\000i\000n\000\040\000u\000s\000c\000i\000t\000a}{subsection.9.1.1}% 55
\BOOKMARK [2][-]{subsection.9.1.2}{\376\377\000E\000s\000e\000m\000p\000i\000o\000\040\000d\000i\000\040\000s\000t\000r\000u\000t\000t\000u\000r\000a\000\040\000p\000a\000s\000s\000a\000t\000a\000\040\000c\000o\000m\000e\000\040\000p\000a\000r\000a\000m\000e\000t\000r\000o\000\040\000i\000n\000\040\000i\000n\000g\000r\000e\000s\000s\000o}{section.9.1}% 56
\BOOKMARK [2][-]{subsection.9.1.3}{\376\377\000E\000s\000e\000r\000c\000i\000z\000i\000o\000\040\000d\000a\000l\000l\000e\000\040\000d\000i\000a\000p\000o\000s\000i\000t\000i\000v\000e\000\040\000d\000e\000l\000\040\000p\000r\000o\000f\000.\000F\000r\000o\000s\000i\000n\000i}{section.9.1}% 57
\BOOKMARK [3][-]{subsubsection.9.1.3.1}{\376\377\000P\000a\000s\000s\000a\000g\000g\000i\000o\000\040\000d\000i\000\040\000p\000a\000r\000a\000m\000e\000t\000r\000i\000\040\000p\000e\000r\000\040\000v\000a\000l\000o\000r\000e\000\040\000\050\000p\000a\000g\000.\0003\0005\000\051}{subsection.9.1.3}% 58
\BOOKMARK [3][-]{subsubsection.9.1.3.2}{\376\377\000P\000a\000s\000s\000a\000g\000g\000i\000o\000\040\000d\000i\000\040\000p\000a\000r\000a\000m\000e\000t\000r\000i\000\040\000p\000e\000r\000\040\000r\000i\000f\000e\000r\000i\000m\000e\000n\000t\000o\000\040\000\050\000p\000a\000g\000.\0004\0001\000\051}{subsection.9.1.3}% 59
\BOOKMARK [3][-]{subsubsection.9.1.3.3}{\376\377\000P\000a\000s\000s\000a\000g\000g\000i\000o\000\040\000d\000i\000\040\000p\000a\000r\000a\000m\000e\000t\000r\000o\000\040\000a\000r\000r\000a\000y\000\040\000\050\000p\000a\000g\000.\0005\0000\000\051}{subsection.9.1.3}% 60
\BOOKMARK [3][-]{subsubsection.9.1.3.4}{\376\377\000P\000a\000s\000s\000a\000g\000g\000i\000o\000\040\000d\000i\000\040\000p\000a\000r\000a\000m\000e\000t\000r\000o\000\040\000s\000t\000r\000u\000t\000t\000u\000r\000a\000\040\000\050\000p\000a\000g\000.\0006\0004\000\051}{subsection.9.1.3}% 61
\BOOKMARK [0][-]{chapter.10}{\376\377\000V\000e\000n\000e\000r\000d\000\354\000\040\0001\0009\000/\0000\0003\000/\0002\0000\0002\0001}{part.1}% 62
\BOOKMARK [1][-]{section.10.1}{\376\377\000T\000r\000a\000d\000u\000z\000i\000o\000n\000e\000\040\000d\000e\000i\000\040\000n\000o\000m\000i\000\040\000d\000a\000\040\000C\000+\000+\000\040\000a\000d\000\040\000A\000s\000s\000e\000m\000b\000l\000e\000r}{chapter.10}% 63
\BOOKMARK [2][-]{subsection.10.1.1}{\376\377\000R\000e\000g\000o\000l\000e\000\040\000p\000e\000r\000\040\000l\000e\000\040\000e\000t\000i\000c\000h\000e\000t\000t\000e\000\040\000d\000e\000l\000l\000e\000\040\000f\000u\000n\000z\000i\000o\000n\000i}{section.10.1}% 64
\BOOKMARK [3][-]{subsubsection.10.1.1.1}{\376\377\000T\000i\000p\000i\000\040\000b\000a\000s\000e}{subsection.10.1.1}% 65
\BOOKMARK [3][-]{subsubsection.10.1.1.2}{\376\377\000S\000t\000r\000u\000t\000t\000u\000r\000a}{subsection.10.1.1}% 66
\BOOKMARK [3][-]{subsubsection.10.1.1.3}{\376\377\000P\000u\000n\000t\000a\000t\000o\000r\000i}{subsection.10.1.1}% 67
\BOOKMARK [3][-]{subsubsection.10.1.1.4}{\376\377\000R\000i\000f\000e\000r\000i\000m\000e\000n\000t\000i}{subsection.10.1.1}% 68
\BOOKMARK [3][-]{subsubsection.10.1.1.5}{\376\377\000C\000o\000s\000t\000a\000n\000t\000i}{subsection.10.1.1}% 69
\BOOKMARK [3][-]{subsubsection.10.1.1.6}{\376\377\000A\000r\000r\000a\000y}{subsection.10.1.1}% 70
\BOOKMARK [3][-]{subsubsection.10.1.1.7}{\376\377\000E\000s\000e\000m\000p\000i\000\040\000d\000i\000\040\000e\000t\000i\000c\000h\000e\000t\000t\000e\000\040\000c\000o\000n\000\040\000c\000o\000s\000t\000a\000n\000t\000i}{subsection.10.1.1}% 71
\BOOKMARK [0][-]{chapter.11}{\376\377\000L\000u\000n\000e\000d\000\354\000\040\0002\0002\000/\0000\0003\000/\0002\0000\0002\0001}{part.1}% 72
\BOOKMARK [1][-]{section.11.1}{\376\377\000C\000o\000r\000r\000i\000s\000p\000o\000n\000d\000e\000n\000z\000a\000\040\000C\000+\000+\000-\000A\000s\000s\000e\000m\000b\000l\000e\000r\000:\000\040\000c\000l\000a\000s\000s\000i}{chapter.11}% 73
\BOOKMARK [2][-]{subsection.11.1.1}{\376\377\000P\000r\000i\000m\000a\000\040\000i\000m\000p\000l\000e\000m\000e\000n\000t\000a\000z\000i\000o\000n\000e\000\040\000\050\000d\000a\000\040\000C\000+\000+\000\040\000a\000\040\000C\000\051\000:\000\040\000c\000o\000m\000p\000i\000l\000a\000t\000o\000r\000e\000\040\000c\000f\000r\000o\000n\000t}{section.11.1}% 74
\BOOKMARK [2][-]{subsection.11.1.2}{\376\377\000I\000m\000p\000l\000e\000m\000e\000n\000t\000a\000z\000i\000o\000n\000e\000\040\000a\000t\000t\000u\000a\000l\000e\000\040\000\050\000d\000a\000\040\000C\000+\000+\000\040\000a\000d\000\040\000A\000s\000s\000e\000m\000b\000l\000e\000r\000\040\000d\000i\000r\000e\000t\000t\000a\000m\000e\000n\000t\000e\000\051}{section.11.1}% 75
\BOOKMARK [3][-]{subsubsection.11.1.2.1}{\376\377\000T\000r\000a\000d\000u\000z\000i\000o\000n\000e\000\040\000d\000e\000i\000\040\000n\000o\000m\000i\000\040\000d\000e\000l\000l\000e\000\040\000f\000u\000n\000z\000i\000o\000n\000i\000\040\000m\000e\000m\000b\000r\000o}{subsection.11.1.2}% 76
\BOOKMARK [1][-]{section.11.2}{\376\377\000E\000s\000e\000r\000c\000i\000z\000i\000o\000\040\000d\000a\000l\000l\000e\000\040\000d\000i\000a\000p\000o\000s\000i\000t\000i\000v\000e\000\040\000d\000i\000\040\000F\000r\000o\000s\000i\000n\000i}{chapter.11}% 77
\BOOKMARK [2][-]{subsection.11.2.1}{\376\377\000P\000r\000i\000m\000o\000\040\000e\000s\000e\000r\000c\000i\000z\000i\000o}{section.11.2}% 78
\BOOKMARK [2][-]{subsection.11.2.2}{\376\377\000S\000e\000c\000o\000n\000d\000o\000\040\000e\000s\000e\000r\000c\000i\000z\000i\000o}{section.11.2}% 79
\BOOKMARK [0][-]{chapter.12}{\376\377\000M\000a\000r\000t\000e\000d\000\354\000\040\0002\0003\000/\0000\0003\000/\0002\0000\0002\0001}{part.1}% 80
\BOOKMARK [1][-]{section.12.1}{\376\377\000P\000u\000n\000t\000i\000\040\000s\000u\000\040\000c\000u\000i\000\040\000s\000t\000a\000r\000e\000\040\000a\000t\000t\000e\000n\000t\000i\000\040\000n\000e\000l\000l\000a\000\040\000p\000r\000o\000v\000a\000\040\000p\000r\000a\000t\000i\000c\000a}{chapter.12}% 81
\BOOKMARK [2][-]{subsection.12.1.1}{\376\377\000F\000u\000n\000z\000i\000o\000n\000i\000\040\000c\000h\000e\000\040\000r\000e\000s\000t\000i\000t\000u\000i\000s\000c\000o\000n\000o\000\040\000s\000t\000r\000u\000t\000t\000u\000r\000e\000/\000c\000l\000a\000s\000s\000i\000\040\000p\000e\000r\000\040\000v\000a\000l\000o\000r\000e}{section.12.1}% 82
\BOOKMARK [2][-]{subsection.12.1.2}{\376\377\000E\000s\000e\000r\000c\000i\000z\000i\000o\000\040\000d\000a\000l\000l\000e\000\040\000d\000i\000a\000p\000o\000s\000i\000t\000i\000v\000e\000\040\000d\000i\000\040\000F\000r\000o\000s\000i\000n\000i\000\040\000c\000o\000n\000\040\000s\000t\000r\000u\000t\000t\000u\000r\000a\000\040\000s\000u\000p\000e\000r\000i\000o\000r\000e\000\040\000a\000\040\0001\0006\000b\000y\000t\000e}{section.12.1}% 83
\BOOKMARK [2][-]{subsection.12.1.3}{\376\377\000S\000i\000t\000u\000a\000z\000i\000o\000n\000i\000\040\000s\000u\000\040\000c\000u\000i\000\040\000r\000i\000f\000l\000e\000t\000t\000e\000r\000e}{section.12.1}% 84
\BOOKMARK [3][-]{subsubsection.12.1.3.1}{\376\377\000S\000i\000n\000g\000o\000l\000o\000\040\000o\000g\000g\000e\000t\000t\000o}{subsection.12.1.3}% 85
\BOOKMARK [3][-]{subsubsection.12.1.3.2}{\376\377\000C\000h\000i\000a\000m\000a\000t\000a\000\040\000d\000i\000\040\000f\000u\000n\000z\000i\000o\000n\000e}{subsection.12.1.3}% 86
\BOOKMARK [3][-]{subsubsection.12.1.3.3}{\376\377\000C\000o\000s\000t\000r\000u\000t\000t\000o\000r\000e}{subsection.12.1.3}% 87
\BOOKMARK [3][-]{subsubsection.12.1.3.4}{\376\377\000C\000o\000s\000t\000r\000u\000t\000t\000o\000r\000e\000\040\000d\000i\000\040\000c\000o\000p\000i\000a}{subsection.12.1.3}% 88
\BOOKMARK [3][-]{subsubsection.12.1.3.5}{\376\377\000E\000l\000i\000s\000i\000o\000n\000e\000\040\000d\000e\000i\000\040\000c\000o\000s\000t\000r\000u\000t\000t\000o\000r\000i\000\040\000d\000i\000\040\000c\000o\000p\000i\000a\000\040\000\050\000o\000t\000t\000i\000m\000i\000z\000z\000a\000z\000i\000o\000n\000e\000,\000\040\000R\000V\000O\000\040\000e\000d\000\040\000N\000R\000V\000O\000\051}{subsection.12.1.3}% 89
\BOOKMARK [0][-]{chapter.13}{\376\377\000G\000i\000o\000v\000e\000d\000\354\000\040\0002\0008\000/\0000\0003\000/\0002\0000\0002\0001\000\040\000e\000\040\000V\000e\000n\000e\000r\000d\000\354\000\040\0002\0006\000/\0000\0003\000/\0002\0000\0002\0001}{part.1}% 90
\BOOKMARK [1][-]{section.13.1}{\376\377\000C\000o\000m\000a\000n\000d\000i\000\040\000p\000e\000r\000\040\000l\000a\000\040\000l\000e\000t\000t\000u\000r\000a\000\040\000d\000i\000\040\000e\000s\000a\000m\000i\000\040\000p\000a\000s\000s\000a\000t\000i}{chapter.13}% 91
\BOOKMARK [1][-]{section.13.2}{\376\377\000E\000s\000e\000r\000c\000i\000z\000i\000o\000\040\000d\000i\000\040\000t\000r\000a\000d\000u\000z\000i\000o\000n\000e\000\040\000[\000S\000c\000r\000i\000t\000t\000o\000\040\000d\000e\000l\000\040\0002\0006\000/\0000\0002\000/\0002\0000\0002\0000\000]}{chapter.13}% 92
\BOOKMARK [1][-]{section.13.3}{\376\377\000E\000s\000e\000r\000c\000i\000z\000i\000o\000\040\000d\000i\000\040\000t\000r\000a\000d\000u\000z\000i\000o\000n\000e\000\040\000[\000S\000c\000r\000i\000t\000t\000o\000\040\000d\000e\000l\000\040\0001\0009\000/\0000\0009\000/\0002\0000\0001\0008\000]}{chapter.13}% 93
\BOOKMARK [0][-]{chapter.14}{\376\377\000L\000u\000n\000e\000d\000\354\000\040\0002\0009\000/\0000\0003\000/\0002\0000\0002\0001\000\040\000e\000\040\000M\000a\000r\000t\000e\000d\000\354\000\040\0003\0000\000/\0000\0003\000/\0002\0000\0002\0001}{part.1}% 94
\BOOKMARK [1][-]{section.14.1}{\376\377\000C\000o\000n\000c\000l\000u\000d\000i\000a\000m\000o\000\040\000s\000u\000\040\000c\000o\000m\000p\000i\000l\000a\000t\000o\000r\000e\000,\000\040\000a\000s\000s\000e\000m\000b\000l\000a\000t\000o\000r\000e\000\040\000e\000\040\000c\000o\000l\000l\000e\000g\000a\000t\000o\000r\000e}{chapter.14}% 95
\BOOKMARK [2][-]{subsection.14.1.1}{\376\377\000P\000r\000e\000p\000r\000o\000c\000e\000s\000s\000o\000r\000e}{section.14.1}% 96
\BOOKMARK [3][-]{subsubsection.14.1.1.1}{\376\377\000A\000n\000a\000l\000i\000s\000i\000\040\000d\000i\000\040\000q\000u\000a\000n\000t\000o\000\040\000f\000a\000t\000t\000o\000\040\000d\000a\000l\000\040\000p\000r\000e\000p\000r\000o\000c\000e\000s\000s\000o\000r\000e}{subsection.14.1.1}% 97
\BOOKMARK [3][-]{subsubsection.14.1.1.2}{\376\377\000I\000n\000c\000l\000u\000s\000i\000o\000n\000e\000\040\000d\000i\000\040\000f\000i\000l\000e\000s}{subsection.14.1.1}% 98
\BOOKMARK [3][-]{subsubsection.14.1.1.3}{\376\377\000D\000e\000f\000i\000n\000i\000z\000i\000o\000n\000e\000\040\000d\000i\000\040\000m\000a\000c\000r\000o}{subsection.14.1.1}% 99
\BOOKMARK [3][-]{subsubsection.14.1.1.4}{\376\377\000I\000n\000c\000l\000u\000s\000i\000o\000n\000e\000\040\000c\000o\000n\000d\000i\000z\000i\000o\000n\000a\000l\000e\000\040\000d\000i\000\040\000p\000a\000r\000t\000i\000\040\000d\000i\000\040\000t\000e\000s\000t\000o}{subsection.14.1.1}% 100
\BOOKMARK [3][-]{subsubsection.14.1.1.5}{\376\377\000M\000a\000c\000r\000o\000\040\000p\000r\000e\000d\000e\000f\000i\000n\000i\000t\000e}{subsection.14.1.1}% 101
\BOOKMARK [3][-]{subsubsection.14.1.1.6}{\376\377\000C\000u\000r\000i\000o\000s\000i\000t\000\340\000:\000\040\000e\000r\000e\000d\000i\000t\000\340\000\040\000d\000e\000l\000l\000'\000i\000n\000d\000i\000p\000e\000n\000d\000e\000n\000z\000a\000\040\000d\000e\000l\000\040\000p\000r\000e\000p\000r\000o\000c\000e\000s\000s\000o\000r\000e}{subsection.14.1.1}% 102
\BOOKMARK [2][-]{subsection.14.1.2}{\376\377\000A\000s\000s\000e\000m\000b\000l\000a\000t\000o\000r\000e}{section.14.1}% 103
\BOOKMARK [2][-]{subsection.14.1.3}{\376\377\000F\000o\000r\000m\000a\000t\000o\000\040\000E\000L\000F\000\040\000\050\000E\000x\000e\000c\000u\000t\000a\000b\000l\000e\000\040\000a\000n\000d\000\040\000L\000i\000n\000k\000i\000n\000g\000\040\000F\000o\000r\000m\000a\000t\000\051}{section.14.1}% 104
\BOOKMARK [3][-]{subsubsection.14.1.3.1}{\376\377\000T\000a\000b\000e\000l\000l\000a\000\040\000d\000e\000l\000l\000e\000\040\000s\000e\000z\000i\000o\000n\000i}{subsection.14.1.3}% 105
\BOOKMARK [3][-]{subsubsection.14.1.3.2}{\376\377\000S\000e\000z\000i\000o\000n\000e\000\040\000s\000y\000m\000t\000a\000b\000:\000\040\000T\000a\000b\000e\000l\000l\000a\000\040\000d\000e\000i\000\040\000s\000i\000m\000b\000o\000l\000i}{subsection.14.1.3}% 106
\BOOKMARK [3][-]{subsubsection.14.1.3.3}{\376\377\000S\000e\000z\000i\000o\000n\000e\000\040\000r\000e\000l\000a\000.\000s\000e\000c\000t\000i\000o\000n\000\137\000n\000a\000m\000e\000:\000\040\000t\000a\000b\000e\000l\000l\000a\000\040\000d\000i\000\040\000r\000i\000l\000o\000c\000a\000z\000i\000o\000n\000e}{subsection.14.1.3}% 107
\BOOKMARK [2][-]{subsection.14.1.4}{\376\377\000C\000o\000l\000l\000e\000g\000a\000t\000o\000r\000e}{section.14.1}% 108
\BOOKMARK [3][-]{subsubsection.14.1.4.1}{\376\377\000T\000a\000b\000e\000l\000l\000a\000\040\000d\000e\000i\000\040\000s\000e\000g\000m\000e\000n\000t\000i}{subsection.14.1.4}% 109
\BOOKMARK [1][-]{section.14.2}{\376\377\000L\000i\000b\000r\000e\000r\000i\000e\000\040\000s\000t\000a\000t\000i\000c\000h\000e}{chapter.14}% 110
\BOOKMARK [2][-]{subsection.14.2.1}{\376\377\000C\000o\000m\000e\000\040\000s\000i\000\040\000c\000r\000e\000a\000\040\000u\000n\000a\000\040\000l\000i\000b\000r\000e\000r\000i\000a\000?}{section.14.2}% 111
\BOOKMARK [2][-]{subsection.14.2.2}{\376\377\000C\000o\000m\000a\000n\000d\000i\000\040\000u\000t\000i\000l\000i\000z\000z\000a\000t\000i\000\040\000f\000i\000n\000o\000\040\000a\000d\000\040\000o\000r\000a\000\040\000e\000\040\000l\000i\000b\000r\000e\000r\000i\000e}{section.14.2}% 112
