\BOOKMARK [0][-]{chapter.1}{\376\377\000R\000e\000c\000a\000p\000\040\000o\000r\000i\000e\000n\000t\000a\000t\000i\000v\000o\000\040\000d\000e\000l\000\040\000p\000r\000o\000g\000r\000a\000m\000m\000a}{}% 1
\BOOKMARK [0][-]{chapter.2}{\376\377\000P\000r\000o\000t\000e\000z\000i\000o\000n\000e}{}% 2
\BOOKMARK [1][-]{section.2.1}{\376\377\000I\000n\000t\000r\000o\000d\000u\000z\000i\000o\000n\000e}{chapter.2}% 3
\BOOKMARK [1][-]{section.2.2}{\376\377\000P\000r\000o\000t\000e\000z\000i\000o\000n\000e\000\040\000n\000e\000l\000\040\000p\000r\000o\000c\000e\000s\000s\000o\000r\000e\000\040\000I\000n\000t\000e\000l}{chapter.2}% 4
\BOOKMARK [2][-]{subsection.2.2.1}{\376\377\000L\000i\000v\000e\000l\000l\000o\000\040\000d\000i\000\040\000p\000r\000i\000v\000i\000l\000e\000g\000i\000o\000\040\000a\000t\000t\000u\000a\000l\000e\000\040\000d\000e\000l\000\040\000p\000r\000o\000c\000e\000s\000s\000o\000r\000e\000\040\000\050\000C\000u\000r\000r\000e\000n\000t\000\040\000P\000r\000i\000v\000i\000l\000e\000g\000e\000\040\000L\000e\000v\000e\000l\000\051}{section.2.2}% 5
\BOOKMARK [2][-]{subsection.2.2.2}{\376\377\000P\000r\000o\000t\000e\000z\000i\000o\000n\000e\000\040\000e\000\040\000i\000n\000t\000e\000r\000r\000u\000z\000i\000o\000n\000i\000,\000\040\000c\000a\000m\000b\000i\000\040\000d\000i\000\040\000m\000o\000d\000a\000l\000i\000t\000\340\000\040\000\050\000g\000a\000t\000e\000\040\000e\000\040\000I\000R\000E\000T\000Q\000\051}{section.2.2}% 6
\BOOKMARK [3][-]{subsubsection.2.2.2.1}{\376\377\000C\000o\000n\000t\000e\000n\000u\000t\000o\000\040\000d\000e\000l\000\040\000g\000a\000t\000e\000\040\000e\000\040\000G\000l\000o\000b\000a\000l\000\040\000D\000e\000s\000c\000r\000i\000p\000t\000o\000r\000\040\000T\000a\000b\000l\000e}{subsection.2.2.2}% 7
\BOOKMARK [3][-]{subsubsection.2.2.2.2}{\376\377\000N\000e\000c\000e\000s\000s\000i\000t\000\340\000\040\000d\000i\000\040\000u\000n\000a\000\040\000n\000u\000o\000v\000a\000\040\000p\000i\000l\000a}{subsection.2.2.2}% 8
\BOOKMARK [3][-]{subsubsection.2.2.2.3}{\376\377\000D\000a\000\040\000d\000o\000v\000e\000\040\000v\000i\000e\000n\000e\000\040\000p\000r\000e\000s\000o\000\040\000i\000l\000\040\000p\000u\000n\000t\000a\000t\000o\000r\000e\000\040\000a\000l\000l\000a\000\040\000n\000u\000o\000v\000a\000\040\000p\000i\000l\000a\000?}{subsection.2.2.2}% 9
\BOOKMARK [2][-]{subsection.2.2.3}{\376\377\000L\000i\000v\000e\000l\000l\000o\000\040\000d\000i\000\040\000p\000r\000i\000v\000i\000l\000e\000g\000i\000o\000\040\000e\000\040\000i\000s\000t\000r\000u\000z\000i\000o\000n\000i\000\040\000I\000N\000/\000O\000U\000T\000/\000C\000L\000D\000/\000S\000T\000D\000\040\000\050\000f\000l\000a\000g\000\040\000I\000O\000P\000L\000\051}{section.2.2}% 10
\BOOKMARK [2][-]{subsection.2.2.4}{\376\377\000M\000o\000r\000a\000l\000e\000\040\000d\000e\000l\000l\000a\000\040\000f\000a\000v\000o\000l\000a}{section.2.2}% 11
\BOOKMARK [1][-]{section.2.3}{\376\377\000E\000s\000e\000m\000p\000i\000o\000\040\000d\000i\000\040\000p\000r\000o\000g\000r\000a\000m\000m\000a\000:\000\040\000p\000a\000s\000s\000a\000g\000g\000i\000o\000\040\000a\000\040\000l\000i\000v\000e\000l\000l\000o\000\040\000u\000t\000e\000n\000t\000e\000\040\000\050\000l\000i\000v\000\137\000u\000t\000e\000n\000t\000e\000\051}{chapter.2}% 12
\BOOKMARK [-1][-]{part.1}{\376\377\000I\000\040\000N\000u\000c\000l\000e\000o\000\040\000m\000u\000l\000t\000i\000p\000r\000o\000g\000r\000a\000m\000m\000a\000t\000o\000\040\000d\000i\000d\000a\000t\000t\000i\000c\000o}{}% 13
\BOOKMARK [0][-]{chapter.3}{\376\377\000I\000n\000t\000r\000o\000d\000u\000z\000i\000o\000n\000e}{part.1}% 14
\BOOKMARK [1][-]{section.3.1}{\376\377\000C\000o\000n\000c\000e\000t\000t\000i\000\040\000b\000a\000s\000e}{chapter.3}% 15
\BOOKMARK [2][-]{subsection.3.1.1}{\376\377\000P\000r\000o\000c\000e\000s\000s\000o}{section.3.1}% 16
\BOOKMARK [2][-]{subsection.3.1.2}{\376\377\000P\000r\000i\000m\000i\000t\000i\000v\000a}{section.3.1}% 17
\BOOKMARK [2][-]{subsection.3.1.3}{\376\377\000C\000o\000n\000t\000e\000s\000t\000o}{section.3.1}% 18
\BOOKMARK [1][-]{section.3.2}{\376\377\000M\000o\000d\000u\000l\000i}{chapter.3}% 19
\BOOKMARK [1][-]{section.3.3}{\376\377\000C\000a\000r\000t\000e\000l\000l\000e}{chapter.3}% 20
\BOOKMARK [1][-]{section.3.4}{\376\377\000E\000s\000e\000m\000p\000i\000o\000\040\000d\000i\000\040\000s\000c\000r\000i\000t\000t\000u\000r\000a\000\040\000d\000e\000l\000\040\000f\000i\000l\000e\000\040\000u\000t\000e\000n\000t\000e\000.\000c\000p\000p\000:\000\040\000H\000e\000l\000l\000o\000,\000\040\000w\000o\000r\000l\000d\000!}{chapter.3}% 21
\BOOKMARK [1][-]{section.3.5}{\376\377\000C\000o\000m\000p\000i\000l\000a\000z\000i\000o\000n\000e\000\040\000e\000\040\000a\000v\000v\000i\000o\000\040\000d\000e\000l\000\040\000s\000i\000s\000t\000e\000m\000a}{chapter.3}% 22
\BOOKMARK [1][-]{section.3.6}{\376\377\000E\000s\000e\000m\000p\000i\000o\000\040\000d\000i\000\040\000p\000r\000o\000g\000r\000a\000m\000m\000a\000\040\000b\000l\000o\000c\000c\000a\000t\000o\000\040\000d\000a\000l\000l\000a\000\040\000p\000r\000o\000t\000e\000z\000i\000o\000n\000e}{chapter.3}% 23
\BOOKMARK [2][-]{subsection.3.6.1}{\376\377\000b\000a\000c\000k\000t\000r\000a\000c\000e}{section.3.6}% 24
\BOOKMARK [1][-]{section.3.7}{\376\377\000L\000i\000b\000r\000e\000r\000i\000a\000\040\000l\000i\000b\000c\000e}{chapter.3}% 25
\BOOKMARK [0][-]{chapter.4}{\376\377\000P\000r\000o\000c\000e\000s\000s\000o}{part.1}% 26
\BOOKMARK [1][-]{section.4.1}{\376\377\000G\000e\000s\000t\000i\000o\000n\000e\000\040\000d\000e\000i\000\040\000p\000r\000o\000c\000e\000s\000s\000i}{chapter.4}% 27
\BOOKMARK [1][-]{section.4.2}{\376\377\000P\000r\000o\000c\000e\000s\000s\000o\000\040\000d\000a\000l\000\040\000p\000u\000n\000t\000o\000\040\000d\000i\000\040\000v\000i\000s\000t\000a\000\040\000d\000e\000l\000l\000'\000u\000t\000e\000n\000t\000e}{chapter.4}% 28
\BOOKMARK [1][-]{section.4.3}{\376\377\000P\000r\000o\000c\000e\000s\000s\000o\000\040\000d\000a\000l\000\040\000p\000u\000n\000t\000o\000\040\000d\000i\000\040\000v\000i\000s\000t\000a\000\040\000d\000e\000l\000\040\000p\000r\000o\000g\000r\000a\000m\000m\000a\000t\000o\000r\000e}{chapter.4}% 29
\BOOKMARK [2][-]{subsection.4.3.1}{\376\377\000P\000a\000s\000s\000a\000g\000g\000i\000o\000\040\000a\000\040\000c\000o\000n\000t\000e\000s\000t\000o\000\040\000s\000i\000s\000t\000e\000m\000a}{section.4.3}% 30
\BOOKMARK [2][-]{subsection.4.3.2}{\376\377\000P\000a\000s\000s\000a\000g\000g\000i\000o\000\040\000d\000a\000\040\000u\000n\000\040\000p\000r\000o\000c\000e\000s\000s\000o\000\040\000a\000\040\000u\000n\000\040\000a\000l\000t\000r\000o\000\040\000a\000t\000t\000r\000a\000v\000e\000r\000s\000o\000\040\000r\000o\000u\000t\000i\000n\000e\000\040\000d\000i\000\040\000s\000i\000s\000t\000e\000m\000a}{section.4.3}% 31
\BOOKMARK [2][-]{subsection.4.3.3}{\376\377\000A\000t\000o\000m\000i\000c\000i\000t\000\340\000:\000\040\000p\000e\000r\000c\000h\000\351\000\040\000l\000a\000\040\000r\000o\000u\000t\000i\000n\000e\000\040\000d\000i\000\040\000s\000i\000s\000t\000e\000m\000a\000\040\000d\000e\000v\000e\000\040\000e\000s\000s\000e\000r\000e\000\040\000i\000n\000d\000i\000v\000i\000s\000i\000b\000i\000l\000e\000?}{section.4.3}% 32
\BOOKMARK [2][-]{subsection.4.3.4}{\376\377\000P\000r\000i\000m\000a\000\040\000i\000s\000t\000a\000n\000t\000a\000n\000e\000a\000\040\000d\000e\000l\000l\000o\000\040\000s\000t\000a\000t\000o\000\040\000d\000i\000\040\000u\000n\000\040\000p\000r\000o\000c\000e\000s\000s\000o}{section.4.3}% 33
\BOOKMARK [0][-]{chapter.5}{\376\377\000I\000m\000p\000l\000e\000m\000e\000n\000t\000a\000z\000i\000o\000n\000e\000\040\000d\000e\000i\000\040\000p\000r\000o\000c\000e\000s\000s\000i\000\040\000e\000\040\000d\000e\000l\000l\000e\000\040\000p\000r\000i\000m\000i\000t\000i\000v\000e\000\040\000n\000e\000l\000\040\000m\000o\000d\000u\000l\000o\000\040\000s\000i\000s\000t\000e\000m\000a}{part.1}% 34
\BOOKMARK [1][-]{section.5.1}{\376\377\000P\000r\000e\000m\000e\000s\000s\000a\000:\000\040\000f\000i\000l\000e\000\040\000i\000n\000c\000l\000u\000d\000e\000/\000c\000o\000s\000t\000a\000n\000t\000i\000.\000h}{chapter.5}% 35
\BOOKMARK [1][-]{section.5.2}{\376\377\000I\000n\000i\000z\000i\000a\000l\000i\000z\000z\000a\000z\000i\000o\000n\000e\000\040\000d\000e\000l\000l\000a\000\040\000I\000n\000t\000e\000r\000r\000u\000p\000t\000\040\000D\000e\000s\000c\000r\000i\000p\000t\000o\000r\000\040\000T\000a\000b\000l\000e}{chapter.5}% 36
\BOOKMARK [1][-]{section.5.3}{\376\377\000I\000n\000i\000z\000i\000a\000l\000i\000z\000z\000a\000z\000i\000o\000n\000e\000\040\000d\000e\000l\000l\000a\000\040\000G\000l\000o\000b\000a\000l\000\040\000D\000e\000s\000c\000r\000i\000p\000t\000o\000r\000\040\000T\000a\000b\000l\000e}{chapter.5}% 37
\BOOKMARK [1][-]{section.5.4}{\376\377\000P\000r\000o\000c\000e\000s\000s\000o\000\040\000d\000u\000m\000m\000y\000\040\000e\000\040\000s\000h\000u\000t\000d\000o\000w\000n\000\040\000c\000o\000n\000\040\000e\000n\000d\000\137\000p\000r\000o\000g\000r\000a\000m}{chapter.5}% 38
\BOOKMARK [2][-]{subsection.5.4.1}{\376\377\000F\000u\000n\000z\000i\000o\000n\000i\000\040\000d\000u\000m\000m\000y\000\040\000e\000\040\000c\000r\000e\000a\000\137\000d\000u\000m\000m\000y}{section.5.4}% 39
\BOOKMARK [2][-]{subsection.5.4.2}{\376\377\000F\000u\000n\000z\000i\000o\000n\000e\000\040\000e\000n\000d\000\137\000p\000r\000o\000g\000r\000a\000m}{section.5.4}% 40
\BOOKMARK [1][-]{section.5.5}{\376\377\000S\000t\000r\000u\000t\000t\000u\000r\000e\000\040\000d\000a\000t\000i\000\040\000p\000e\000r\000\040\000l\000a\000\040\000g\000e\000s\000t\000i\000o\000n\000e\000\040\000d\000e\000i\000\040\000p\000r\000o\000c\000e\000s\000s\000i}{chapter.5}% 41
\BOOKMARK [2][-]{subsection.5.5.1}{\376\377\000D\000e\000s\000c\000r\000i\000t\000t\000o\000r\000e\000\040\000d\000i\000\040\000p\000r\000o\000c\000e\000s\000s\000o}{section.5.5}% 42
\BOOKMARK [2][-]{subsection.5.5.2}{\376\377\000A\000r\000r\000a\000y\000\040\000d\000e\000i\000\040\000p\000r\000o\000c\000e\000s\000s\000i}{section.5.5}% 43
\BOOKMARK [2][-]{subsection.5.5.3}{\376\377\000I\000n\000d\000i\000c\000i\000\040\000d\000e\000i\000\040\000r\000e\000g\000i\000s\000t\000r\000i\000\040\000n\000e\000l\000l\000'\000a\000r\000r\000a\000y\000\040\000c\000o\000n\000t\000e\000s\000t\000o}{section.5.5}% 44
\BOOKMARK [2][-]{subsection.5.5.4}{\376\377\000P\000u\000n\000t\000a\000t\000o\000r\000i}{section.5.5}% 45
\BOOKMARK [2][-]{subsection.5.5.5}{\376\377\000C\000o\000n\000t\000e\000g\000g\000i\000o\000\040\000d\000e\000l\000\040\000n\000u\000m\000e\000r\000o\000\040\000d\000i\000\040\000p\000r\000o\000c\000e\000s\000s\000i}{section.5.5}% 46
\BOOKMARK [1][-]{section.5.6}{\376\377\000F\000u\000n\000z\000i\000o\000n\000i\000\040\000p\000e\000r\000\040\000l\000a\000\040\000m\000a\000n\000i\000p\000o\000l\000a\000z\000i\000o\000n\000e\000\040\000d\000e\000l\000l\000e\000\040\000l\000i\000s\000t\000e}{chapter.5}% 47
\BOOKMARK [2][-]{subsection.5.6.1}{\376\377\000F\000u\000n\000z\000i\000o\000n\000e\000\040\000i\000n\000s\000e\000r\000i\000m\000e\000n\000t\000o\000\137\000l\000i\000s\000t\000a}{section.5.6}% 48
\BOOKMARK [2][-]{subsection.5.6.2}{\376\377\000F\000u\000n\000z\000i\000o\000n\000e\000\040\000r\000i\000m\000o\000z\000i\000o\000n\000e\000\137\000l\000i\000s\000t\000a}{section.5.6}% 49
\BOOKMARK [2][-]{subsection.5.6.3}{\376\377\000F\000u\000n\000z\000i\000o\000n\000e\000\040\000i\000n\000s\000p\000r\000o\000n\000t\000i\000\040\000p\000e\000r\000\040\000l\000a\000\040\000l\000i\000s\000t\000a\000\040\000p\000r\000o\000n\000t\000i}{section.5.6}% 50
\BOOKMARK [2][-]{subsection.5.6.4}{\376\377\000F\000u\000n\000z\000i\000o\000n\000e\000\040\000s\000c\000h\000e\000d\000u\000l\000a\000t\000o\000r\000e\000\040\000p\000e\000r\000\040\000l\000a\000\040\000l\000i\000s\000t\000a\000\040\000p\000r\000o\000n\000t\000i}{section.5.6}% 51
\BOOKMARK [1][-]{section.5.7}{\376\377\000F\000u\000n\000z\000i\000o\000n\000i\000\040\000s\000a\000l\000v\000a\000\137\000s\000t\000a\000t\000o\000\040\000e\000\040\000c\000a\000r\000i\000c\000a\000\137\000s\000t\000a\000t\000o}{chapter.5}% 52
\BOOKMARK [2][-]{subsection.5.7.1}{\376\377\000P\000r\000e\000m\000e\000s\000s\000a\000:\000\040\000o\000f\000f\000s\000e\000t}{section.5.7}% 53
\BOOKMARK [2][-]{subsection.5.7.2}{\376\377\000s\000a\000l\000v\000a\000\137\000s\000t\000a\000t\000o}{section.5.7}% 54
\BOOKMARK [2][-]{subsection.5.7.3}{\376\377\000c\000a\000r\000i\000c\000a\000\137\000s\000t\000a\000t\000o}{section.5.7}% 55
\BOOKMARK [1][-]{section.5.8}{\376\377\000P\000r\000i\000m\000i\000t\000i\000v\000e}{chapter.5}% 56
\BOOKMARK [2][-]{subsection.5.8.1}{\376\377\000F\000u\000n\000z\000i\000o\000n\000e\000\040\000d\000i\000\040\000u\000t\000i\000l\000i\000t\000\340\000\040\000l\000i\000v\000\137\000c\000h\000i\000a\000m\000a\000n\000t\000e}{section.5.8}% 57
\BOOKMARK [2][-]{subsection.5.8.2}{\376\377\000A\000n\000a\000l\000i\000s\000i\000\040\000d\000e\000l\000l\000a\000\040\000s\000t\000r\000u\000t\000t\000u\000r\000a\000\040\000d\000e\000l\000l\000a\000\040\000p\000r\000i\000m\000i\000t\000i\000v\000a\000\040\000a\000c\000t\000i\000v\000a\000t\000e\000\137\000p}{section.5.8}% 58
\BOOKMARK [3][-]{subsubsection.5.8.2.1}{\376\377\000P\000a\000r\000t\000e\000\040\000A\000s\000s\000e\000m\000b\000l\000e\000r}{subsection.5.8.2}% 59
\BOOKMARK [3][-]{subsubsection.5.8.2.2}{\376\377\000P\000a\000r\000t\000e\000\040\000C\000+\000+}{subsection.5.8.2}% 60
\BOOKMARK [3][-]{subsubsection.5.8.2.3}{\376\377\000I\000n\000v\000o\000c\000a\000z\000i\000o\000n\000e\000\040\000d\000e\000l\000l\000a\000\040\000p\000r\000i\000m\000i\000t\000i\000v\000a\000\040\000d\000a\000\040\000p\000a\000r\000t\000e\000\040\000d\000i\000\040\000u\000n\000\040\000u\000t\000e\000n\000t\000e}{subsection.5.8.2}% 61
\BOOKMARK [2][-]{subsection.5.8.3}{\376\377\000E\000s\000e\000m\000p\000i\000o\000\040\000d\000i\000\040\000p\000r\000i\000m\000i\000t\000i\000v\000a\000\040\000c\000r\000e\000a\000t\000a\000\040\000d\000a\000\040\000n\000o\000i\000:\000\040\000g\000e\000t\000p\000r\000e\000c}{section.5.8}% 62
\BOOKMARK [0][-]{chapter.6}{\376\377\000S\000e\000m\000a\000f\000o\000r\000i}{part.1}% 63
\BOOKMARK [1][-]{section.6.1}{\376\377\000P\000r\000o\000b\000l\000e\000m\000i\000\040\000d\000i\000\040\000m\000u\000t\000u\000a\000\040\000e\000s\000c\000l\000u\000s\000i\000o\000n\000e\000\040\000e\000\040\000d\000i\000\040\000s\000i\000n\000c\000r\000o\000n\000i\000z\000z\000a\000z\000i\000o\000n\000e}{chapter.6}% 64
\BOOKMARK [1][-]{section.6.2}{\376\377\000S\000o\000l\000u\000z\000i\000o\000n\000e\000\040\000a\000i\000\040\000p\000r\000o\000b\000l\000e\000m\000i\000\040\000i\000n\000t\000r\000o\000d\000o\000t\000t\000i\000:\000\040\000l\000e\000\040\000p\000r\000i\000m\000i\000t\000i\000v\000e\000\040\000s\000e\000m\000a\000f\000o\000r\000i\000c\000h\000e}{chapter.6}% 65
\BOOKMARK [2][-]{subsection.6.2.1}{\376\377\000R\000i\000s\000o\000l\000u\000z\000i\000o\000n\000e\000\040\000d\000e\000l\000\040\000p\000r\000o\000b\000l\000e\000m\000a\000\040\000d\000e\000l\000l\000a\000\040\000m\000u\000t\000u\000a\000\040\000e\000s\000c\000l\000u\000s\000i\000o\000n\000e}{section.6.2}% 66
\BOOKMARK [2][-]{subsection.6.2.2}{\376\377\000R\000i\000s\000o\000l\000u\000z\000i\000o\000n\000e\000\040\000d\000e\000l\000\040\000p\000r\000o\000b\000l\000e\000m\000a\000\040\000d\000e\000l\000l\000a\000\040\000s\000i\000n\000c\000r\000o\000n\000i\000z\000z\000a\000z\000i\000o\000n\000e}{section.6.2}% 67
\BOOKMARK [0][-]{chapter.7}{\376\377\000I\000m\000p\000l\000e\000m\000e\000n\000t\000a\000z\000i\000o\000n\000e\000\040\000d\000e\000i\000\040\000s\000e\000m\000a\000f\000o\000r\000i\000\040\000n\000e\000l\000\040\000m\000o\000d\000u\000l\000o\000\040\000s\000i\000s\000t\000e\000m\000a}{part.1}% 68
\BOOKMARK [1][-]{section.7.1}{\376\377\000D\000e\000s\000c\000r\000i\000t\000t\000o\000r\000e\000\040\000d\000i\000\040\000s\000e\000m\000a\000f\000o\000r\000o\000\040\000d\000e\000s\000\137\000s\000e\000m}{chapter.7}% 69
\BOOKMARK [1][-]{section.7.2}{\376\377\000A\000r\000r\000a\000y\000\040\000d\000e\000i\000\040\000s\000e\000m\000a\000f\000o\000r\000i\000\040\000a\000r\000r\000a\000y\000\137\000d\000e\000s\000s}{chapter.7}% 70
\BOOKMARK [1][-]{section.7.3}{\376\377\000P\000r\000i\000m\000i\000t\000i\000v\000a\000\040\000p\000e\000r\000\040\000l\000'\000a\000l\000l\000o\000c\000a\000z\000i\000o\000n\000e\000\040\000d\000e\000l\000\040\000s\000e\000m\000a\000f\000o\000r\000o}{chapter.7}% 71
\BOOKMARK [2][-]{subsection.7.3.1}{\376\377\000F\000u\000n\000z\000i\000o\000n\000e\000\040\000d\000i\000\040\000u\000t\000i\000l\000i\000t\000\340\000\040\000a\000l\000l\000o\000c\000a\000\137\000s\000e\000m}{section.7.3}% 72
\BOOKMARK [2][-]{subsection.7.3.2}{\376\377\000P\000r\000i\000m\000i\000t\000i\000v\000a\000\040\000s\000e\000m\000\137\000i\000n\000i}{section.7.3}% 73
\BOOKMARK [1][-]{section.7.4}{\376\377\000P\000r\000i\000m\000i\000t\000i\000v\000e\000\040\000p\000e\000r\000\040\000l\000a\000\040\000g\000e\000s\000t\000i\000o\000n\000e\000\040\000d\000e\000i\000\040\000s\000e\000m\000a\000f\000o\000r\000i}{chapter.7}% 74
\BOOKMARK [2][-]{subsection.7.4.1}{\376\377\000F\000u\000n\000z\000i\000o\000n\000e\000\040\000d\000i\000\040\000u\000t\000i\000l\000i\000t\000\340\000\040\000s\000e\000m\000\137\000v\000a\000l\000i\000d\000o}{section.7.4}% 75
\BOOKMARK [2][-]{subsection.7.4.2}{\376\377\000P\000r\000i\000m\000i\000t\000i\000v\000a\000\040\000s\000e\000m\000\137\000w\000a\000i\000t\000\040\000\050\000p\000r\000e\000s\000a\000\040\000d\000e\000l\000\040\000g\000e\000t\000t\000o\000n\000e\000\051}{section.7.4}% 76
\BOOKMARK [2][-]{subsection.7.4.3}{\376\377\000P\000r\000i\000m\000i\000t\000i\000v\000a\000\040\000s\000e\000m\000\137\000s\000i\000g\000n\000a\000l\000\040\000\050\000r\000i\000l\000a\000s\000c\000i\000o\000\040\000d\000e\000l\000\040\000g\000e\000t\000t\000o\000n\000e\000\051}{section.7.4}% 77
\BOOKMARK [0][-]{chapter.8}{\376\377\000P\000r\000e\000m\000e\000s\000s\000e\000\040\000s\000u\000l\000l\000a\000\040\000p\000a\000g\000i\000n\000a\000z\000i\000o\000n\000e}{part.1}% 78
\BOOKMARK [1][-]{section.8.1}{\376\377\000R\000e\000c\000a\000p\000\040\000c\000o\000n\000\040\000p\000r\000i\000m\000e\000\040\000q\000u\000e\000s\000t\000i\000o\000n\000i}{chapter.8}% 79
\BOOKMARK [1][-]{section.8.2}{\376\377\000I\000d\000e\000a\000\040\000d\000i\000\040\000b\000a\000s\000e\000:\000\040\000t\000e\000n\000e\000r\000e\000\040\000i\000n\000s\000i\000e\000m\000e\000\040\000i\000n\000f\000o\000r\000m\000a\000z\000i\000o\000n\000i\000\040\000d\000i\000\040\000p\000i\000\371\000\040\000p\000r\000o\000c\000e\000s\000s\000i}{chapter.8}% 80
\BOOKMARK [1][-]{section.8.3}{\376\377\000S\000t\000e\000p\000\040\000s\000u\000c\000c\000e\000s\000s\000i\000v\000o\000:\000\040\000m\000e\000m\000o\000r\000i\000a\000\040\000v\000i\000r\000t\000u\000a\000l\000e\000\040\000e\000\040\000i\000n\000d\000i\000r\000i\000z\000z\000i\000\040\000v\000i\000r\000t\000u\000a\000l\000i}{chapter.8}% 81
\BOOKMARK [2][-]{subsection.8.3.1}{\376\377\000S\000c\000o\000p\000o\000\040\000d\000e\000l\000\040\000K\000e\000r\000n\000e\000l}{section.8.3}% 82
\BOOKMARK [1][-]{section.8.4}{\376\377\000T\000u\000t\000t\000o\000\040\000f\000i\000n\000i\000t\000o\000?}{chapter.8}% 83
\BOOKMARK [0][-]{chapter.9}{\376\377\000P\000a\000g\000i\000n\000a\000z\000i\000o\000n\000e}{part.1}% 84
\BOOKMARK [1][-]{section.9.1}{\376\377\000M\000e\000m\000o\000r\000y\000\040\000M\000a\000n\000a\000g\000e\000m\000e\000n\000t\000\040\000U\000n\000i\000t\000\040\000\050\000M\000M\000U\000\051}{chapter.9}% 85
\BOOKMARK [2][-]{subsection.9.1.1}{\376\377\000P\000a\000s\000s\000a\000g\000g\000i\000o\000\040\000d\000a\000\040\000i\000n\000d\000i\000r\000i\000z\000z\000o\000\040\000v\000i\000r\000t\000u\000a\000l\000e\000\040\000a\000\040\000i\000n\000d\000i\000r\000i\000z\000z\000o\000\040\000f\000i\000s\000i\000c\000o}{section.9.1}% 86
\BOOKMARK [2][-]{subsection.9.1.2}{\376\377\000C\000o\000n\000t\000e\000n\000u\000t\000o\000\040\000d\000e\000l\000l\000e\000\040\000t\000a\000b\000e\000l\000l\000e\000\040\000d\000i\000\040\000c\000o\000r\000r\000i\000s\000p\000o\000n\000d\000e\000n\000z\000a}{section.9.1}% 87
\BOOKMARK [1][-]{section.9.2}{\376\377\000M\000M\000U\000\040\000e\000\040\000m\000o\000d\000u\000l\000o\000\040\000s\000i\000s\000t\000e\000m\000a}{chapter.9}% 88
\BOOKMARK [1][-]{section.9.3}{\376\377\000E\000s\000e\000m\000p\000i\000o\000:\000\040\000i\000n\000d\000i\000r\000i\000z\000z\000i\000\040\000v\000i\000r\000t\000u\000a\000l\000i\000\040\000e\000\040\000f\000i\000s\000i\000c\000i\000\040\000i\000n\000\040\000u\000n\000\040\000p\000r\000o\000g\000r\000a\000m\000m\000a\000\040\000i\000n\000\040\000e\000s\000e\000c\000u\000z\000i\000o\000n\000e}{chapter.9}% 89
\BOOKMARK [1][-]{section.9.4}{\376\377\000M\000M\000U\000\040\000a\000l\000l\000'\000o\000p\000e\000r\000a}{chapter.9}% 90
\BOOKMARK [1][-]{section.9.5}{\376\377\000T\000a\000b\000e\000l\000l\000e\000\040\000d\000i\000\040\000c\000o\000r\000r\000i\000s\000p\000o\000n\000d\000e\000n\000z\000a\000\040\000m\000u\000l\000t\000i\000l\000i\000v\000e\000l\000l\000o\000\040\000\050\000b\000i\000t\000w\000i\000s\000e\000\040\000t\000r\000i\000e\000\051}{chapter.9}% 91
\BOOKMARK [2][-]{subsection.9.5.1}{\376\377\000U\000t\000e\000n\000t\000e\000\040\000e\000\040\000i\000n\000d\000i\000r\000i\000z\000z\000i\000\040\000v\000i\000r\000t\000u\000a\000l\000i\000\040\000e\000\040\000f\000i\000s\000i\000c\000i}{section.9.5}% 92
\BOOKMARK [2][-]{subsection.9.5.2}{\376\377\000S\000i\000s\000t\000e\000m\000i\000\040\000e\000\040\000i\000n\000d\000i\000r\000i\000z\000z\000i\000\040\000v\000i\000r\000t\000u\000a\000l\000i\000\040\000e\000\040\000f\000i\000s\000i\000c\000i}{section.9.5}% 93
\BOOKMARK [2][-]{subsection.9.5.3}{\376\377\000E\000s\000e\000m\000p\000i\000o\000\040\000n\000o\000n\000\040\000v\000i\000t\000a\000l\000e\000:\000\040\000c\000r\000e\000a\000z\000i\000o\000n\000e\000\040\000d\000i\000\040\000u\000n\000\040\000a\000l\000b\000e\000r\000o\000\040\000d\000i\000\040\000t\000r\000a\000d\000u\000z\000i\000o\000n\000e\000\040\000i\000n\000\040\000A\000s\000s\000e\000m\000b\000l\000e\000r}{section.9.5}% 94
\BOOKMARK [3][-]{subsubsection.9.5.3.1}{\376\377\000C\000o\000d\000i\000c\000e\000\040\000A\000s\000s\000e\000m\000b\000l\000e\000r}{subsection.9.5.3}% 95
\BOOKMARK [3][-]{subsubsection.9.5.3.2}{\376\377\000C\000o\000d\000i\000c\000e\000\040\000C\000+\000+}{subsection.9.5.3}% 96
\BOOKMARK [1][-]{section.9.6}{\376\377\000P\000a\000g\000i\000n\000e\000\040\000d\000i\000\040\000d\000i\000m\000e\000n\000s\000i\000o\000n\000e\000\040\000d\000i\000v\000e\000r\000s\000a\000\040\000\050\000P\000a\000g\000e\000\040\000S\000i\000z\000e\000\040\000f\000l\000a\000g\000\051}{chapter.9}% 97
\BOOKMARK [2][-]{subsection.9.6.1}{\376\377\000E\000s\000e\000m\000p\000i\000o\000\040\000d\000i\000\040\000u\000t\000i\000l\000i\000z\000z\000o\000\040\000d\000e\000l\000\040\000f\000l\000a\000g\000\040\000n\000e\000l\000l\000'\000u\000l\000t\000i\000m\000o\000\040\000e\000s\000e\000m\000p\000i\000o\000\040\000d\000i\000\040\000e\000s\000e\000r\000c\000i\000z\000i\000o}{section.9.6}% 98
\BOOKMARK [1][-]{section.9.7}{\376\377\000C\000a\000c\000h\000e\000\040\000T\000r\000a\000n\000s\000l\000a\000t\000i\000o\000n\000\040\000L\000o\000o\000k\000a\000s\000i\000d\000e\000\040\000B\000u\000f\000f\000e\000r\000\040\000\050\000T\000L\000B\000\051}{chapter.9}% 99
\BOOKMARK [2][-]{subsection.9.7.1}{\376\377\000R\000i\000p\000r\000e\000n\000d\000i\000a\000m\000o\000\040\000l\000'\000e\000s\000e\000m\000p\000i\000o\000\040\000d\000i\000\040\000e\000s\000e\000r\000c\000i\000z\000i\000o}{section.9.7}% 100
\BOOKMARK [0][-]{chapter.10}{\376\377\000I\000m\000p\000l\000e\000m\000e\000n\000t\000a\000z\000i\000o\000n\000e\000\040\000d\000e\000l\000l\000a\000\040\000p\000a\000g\000i\000n\000a\000z\000i\000o\000n\000e}{part.1}% 101
\BOOKMARK [1][-]{section.10.1}{\376\377\000E\000x\000t\000r\000a\000:\000\040\000t\000y\000p\000e\000d\000e\000f\000\040\000p\000e\000r\000\040\000i\000n\000d\000i\000r\000i\000z\000z\000i\000\040\000f\000i\000s\000i\000c\000i\000\040\000e\000\040\000v\000i\000r\000t\000u\000a\000l\000i}{chapter.10}% 102
\BOOKMARK [1][-]{section.10.2}{\376\377\000C\000o\000s\000t\000a\000n\000t\000i\000\040\000i\000n\000\040\000v\000m\000.\000h\000\040\000d\000e\000l\000l\000a\000\040\000l\000i\000b\000c\000e}{chapter.10}% 103
\BOOKMARK [2][-]{subsection.10.2.1}{\376\377\000N\000u\000m\000e\000r\000o\000\040\000m\000a\000s\000s\000i\000m\000o\000\040\000d\000i\000\040\000l\000i\000v\000e\000l\000l\000i\000\040\000d\000e\000l\000\040\000t\000r\000i\000e}{section.10.2}% 104
\BOOKMARK [2][-]{subsection.10.2.2}{\376\377\000M\000a\000s\000c\000h\000e\000r\000e}{section.10.2}% 105
\BOOKMARK [2][-]{subsection.10.2.3}{\376\377\000C\000o\000s\000t\000a\000n\000t\000i\000\040\000p\000e\000r\000\040\000l\000a\000\040\000m\000a\000n\000i\000p\000o\000l\000a\000z\000i\000o\000n\000e\000\040\000d\000e\000i\000\040\000d\000e\000s\000c\000r\000i\000t\000t\000o\000r\000i\000\040\000d\000i\000\040\000p\000a\000g\000i\000n\000a\000\040\000e\000\040\000d\000i\000\040\000t\000a\000b\000e\000l\000l\000a}{section.10.2}% 106
\BOOKMARK [1][-]{section.10.3}{\376\377\000F\000u\000n\000z\000i\000o\000n\000i\000\040\000i\000n\000\040\000v\000m\000.\000h\000\040\000d\000e\000l\000l\000a\000\040\000l\000i\000b\000c\000e}{chapter.10}% 107
\BOOKMARK [2][-]{subsection.10.3.1}{\376\377\000N\000o\000r\000m\000a\000l\000i\000z\000z\000a\000z\000i\000o\000n\000e\000\040\000d\000e\000l\000l\000'\000i\000n\000d\000i\000r\000i\000z\000z\000o\000\040\000c\000o\000n\000\040\000n\000o\000r\000m}{section.10.3}% 108
\BOOKMARK [2][-]{subsection.10.3.2}{\376\377\000G\000r\000a\000n\000d\000e\000z\000z\000a\000\040\000d\000i\000\040\000u\000n\000a\000\040\000r\000e\000g\000i\000o\000n\000e\000\040\000c\000o\000n\000\040\000d\000i\000m\000\137\000r\000e\000g\000i\000o\000n}{section.10.3}% 109
\BOOKMARK [2][-]{subsection.10.3.3}{\376\377\000F\000u\000n\000z\000i\000o\000n\000i\000\040\000b\000a\000s\000e\000\040\000e\000\040\000l\000i\000m\000i\000t\000\040\000p\000e\000r\000\040\000l\000'\000i\000n\000d\000i\000r\000i\000z\000z\000o\000\040\000d\000i\000\040\000b\000a\000s\000e\000\040\000d\000i\000\040\000u\000n\000a\000\040\000r\000e\000g\000i\000o\000n\000e}{section.10.3}% 110
\BOOKMARK [2][-]{subsection.10.3.4}{\376\377\000F\000u\000n\000z\000i\000o\000n\000i\000\040\000p\000e\000r\000\040\000l\000a\000v\000o\000r\000a\000r\000e\000\040\000s\000u\000l\000\040\000t\000r\000i\000e}{section.10.3}% 111
\BOOKMARK [3][-]{subsubsection.10.3.4.1}{\376\377\000E\000s\000t\000r\000a\000z\000i\000o\000n\000e\000\040\000d\000e\000l\000l\000'\000i\000n\000d\000i\000r\000i\000z\000z\000o\000\040\000f\000i\000s\000i\000c\000o\000\040\000d\000a\000\040\000u\000n\000'\000e\000n\000t\000r\000a\000t\000a\000\040\000\050\000e\000x\000t\000r\000\137\000I\000N\000D\000\137\000F\000I\000S\000I\000C\000O\000\051}{subsection.10.3.4}% 112
\BOOKMARK [3][-]{subsubsection.10.3.4.2}{\376\377\000S\000e\000t\000t\000a\000g\000g\000i\000o\000\040\000d\000e\000l\000l\000'\000i\000n\000d\000i\000r\000i\000z\000z\000o\000\040\000f\000i\000s\000i\000c\000o\000\040\000i\000n\000\040\000u\000n\000'\000e\000n\000t\000r\000a\000t\000a\000\040\000\050\000s\000e\000t\000\137\000I\000N\000D\000\137\000F\000I\000S\000I\000C\000O\000\051}{subsection.10.3.4}% 113
\BOOKMARK [3][-]{subsubsection.10.3.4.3}{\376\377\000I\000n\000d\000i\000c\000e\000\040\000d\000e\000l\000l\000'\000e\000n\000t\000r\000a\000t\000a\000\040\000d\000i\000\040\000u\000n\000\040\000v\000a\000d\000d\000r\000\040\000i\000n\000\040\000u\000n\000a\000\040\000t\000a\000b\000e\000l\000l\000a\000\040\000d\000i\000\040\000l\000i\000v\000e\000l\000l\000o\000\040\000l\000i\000v\000\040\000\050\000i\000\137\000t\000a\000b\000\051}{subsection.10.3.4}% 114
\BOOKMARK [3][-]{subsubsection.10.3.4.4}{\376\377\000I\000n\000d\000i\000r\000i\000z\000z\000o\000\040\000d\000i\000\040\000u\000n\000'\000e\000n\000t\000r\000a\000t\000a\000\040\000d\000i\000\040\000i\000n\000d\000i\000c\000e\000\040\000i\000n\000d\000e\000x\000\040\000d\000a\000\040\000u\000n\000a\000\040\000t\000a\000b\000e\000l\000l\000a\000\040\000t\000a\000b\000\040\000\050\000g\000e\000t\000\137\000e\000n\000t\000r\000y\000\051}{subsection.10.3.4}% 115
\BOOKMARK [3][-]{subsubsection.10.3.4.5}{\376\377\000C\000l\000a\000s\000s\000e\000\040\000t\000a\000b\000\137\000i\000t\000e\000r\000\040\000p\000e\000r\000\040\000l\000a\000\040\000v\000i\000s\000i\000o\000n\000e\000\040\000d\000e\000l\000\040\000t\000r\000i\000e\000\040\000\050\000i\000t\000e\000r\000a\000t\000o\000r\000e\000\051}{subsection.10.3.4}% 116
\BOOKMARK [3][-]{subsubsection.10.3.4.6}{\376\377\000E\000s\000e\000m\000p\000i\000o\000\040\000d\000i\000\040\000u\000s\000o\000\040\000d\000e\000l\000l\000a\000\040\000c\000l\000a\000s\000s\000e\000\040\000t\000a\000b\000\137\000i\000t\000e\000r}{subsection.10.3.4}% 117
\BOOKMARK [1][-]{section.10.4}{\376\377\000S\000u\000d\000d\000i\000v\000i\000s\000i\000o\000n\000e\000\040\000d\000e\000l\000l\000o\000\040\000s\000p\000a\000z\000i\000o\000\040\000d\000i\000\040\000i\000n\000d\000i\000r\000i\000z\000z\000a\000m\000e\000n\000t\000o}{chapter.10}% 118
\BOOKMARK [1][-]{section.10.5}{\376\377\000C\000o\000s\000t\000a\000n\000t\000i\000\040\000d\000e\000d\000i\000c\000a\000t\000e\000\040\000a\000l\000l\000a\000\040\000m\000e\000m\000o\000r\000i\000a\000\040\000v\000i\000r\000t\000u\000a\000l\000e}{chapter.10}% 119
\BOOKMARK [1][-]{section.10.6}{\376\377\000C\000o\000s\000t\000a\000n\000t\000i\000\040\000d\000e\000d\000i\000c\000a\000t\000e\000\040\000a\000l\000l\000a\000\040\000m\000e\000m\000o\000r\000i\000a\000\040\000f\000i\000s\000i\000c\000a}{chapter.10}% 120
\BOOKMARK [1][-]{section.10.7}{\376\377\000D\000e\000s\000c\000r\000i\000t\000t\000o\000r\000e\000\040\000d\000i\000\040\000p\000r\000o\000c\000e\000s\000s\000o}{chapter.10}% 121
\BOOKMARK [1][-]{section.10.8}{\376\377\000A\000g\000g\000i\000o\000r\000n\000a\000m\000e\000n\000t\000o\000\040\000d\000e\000l\000\040\000r\000e\000g\000i\000s\000t\000r\000o\000\040\000C\000R\0003\000\040\000n\000e\000l\000l\000a\000\040\000c\000a\000r\000i\000c\000a\000\137\000s\000t\000a\000t\000o}{chapter.10}% 122
\BOOKMARK [1][-]{section.10.9}{\376\377\000I\000n\000d\000i\000r\000i\000z\000z\000i\000\040\000v\000i\000r\000t\000u\000a\000l\000i\000\040\000e\000\040\000f\000i\000s\000i\000c\000i\000\040\000n\000e\000i\000\040\000f\000i\000l\000e\000\040\000E\000L\000F}{chapter.10}% 123
\BOOKMARK [1][-]{section.10.10}{\376\377\000S\000t\000r\000u\000t\000t\000u\000r\000e\000\040\000d\000a\000t\000i\000\040\000p\000e\000r\000\040\000l\000a\000\040\000g\000e\000s\000t\000i\000o\000n\000e\000\040\000d\000e\000i\000\040\000f\000r\000a\000m\000e}{chapter.10}% 124
\BOOKMARK [2][-]{subsection.10.10.1}{\376\377\000D\000e\000s\000c\000r\000i\000t\000t\000o\000r\000e\000\040\000d\000i\000\040\000f\000r\000a\000m\000e}{section.10.10}% 125
\BOOKMARK [2][-]{subsection.10.10.2}{\376\377\000A\000r\000r\000a\000y\000\040\000d\000e\000i\000\040\000d\000e\000s\000c\000r\000i\000t\000t\000o\000r\000i\000\040\000d\000i\000\040\000f\000r\000a\000m\000e\000\040\000e\000\040\000n\000u\000m\000e\000r\000o\000\040\000t\000o\000t\000a\000l\000e\000\040\000d\000e\000i\000\040\000f\000r\000a\000m\000e}{section.10.10}% 126
\BOOKMARK [2][-]{subsection.10.10.3}{\376\377\000L\000i\000s\000t\000a\000\040\000d\000e\000i\000\040\000f\000r\000a\000m\000e\000\040\000l\000i\000b\000e\000r\000i\000:\000\040\000t\000e\000s\000t\000a\000\040\000e\000\040\000c\000o\000n\000t\000a\000t\000o\000r\000e}{section.10.10}% 127
\BOOKMARK [2][-]{subsection.10.10.4}{\376\377\000N\000u\000m\000e\000r\000o\000\040\000d\000e\000i\000\040\000f\000r\000a\000m\000e\000\040\000i\000n\000\040\000M\0001\000\040\000e\000\040\000i\000n\000\040\000M\0002}{section.10.10}% 128
\BOOKMARK [1][-]{section.10.11}{\376\377\000F\000u\000n\000z\000i\000o\000n\000i\000\040\000d\000i\000\040\000u\000t\000i\000l\000i\000t\000\340\000\040\000p\000e\000r\000\040\000i\000l\000\040\000c\000o\000n\000t\000a\000t\000o\000r\000e\000\040\000n\000v\000a\000l\000i\000d\000e\000\040\000n\000e\000l\000\040\000d\000e\000s\000\137\000f\000r\000a\000m\000e}{chapter.10}% 129
\BOOKMARK [1][-]{section.10.12}{\376\377\000F\000u\000n\000z\000i\000o\000n\000i\000\040\000p\000e\000r\000\040\000l\000a\000\040\000g\000e\000s\000t\000i\000o\000n\000e\000\040\000d\000e\000l\000l\000a\000\040\000p\000a\000g\000i\000n\000a\000z\000i\000o\000n\000e}{chapter.10}% 130
\BOOKMARK [2][-]{subsection.10.12.1}{\376\377\000F\000u\000n\000z\000i\000o\000n\000e\000\040\000p\000e\000r\000\040\000l\000'\000o\000c\000c\000u\000p\000a\000z\000i\000o\000n\000e\000\040\000d\000i\000\040\000u\000n\000\040\000f\000r\000a\000m\000e\000\040\000l\000i\000b\000e\000r\000o\000\040\000\050\000a\000l\000l\000o\000c\000a\000\137\000f\000r\000a\000m\000e\000\051}{section.10.12}% 131
\BOOKMARK [2][-]{subsection.10.12.2}{\376\377\000F\000u\000n\000z\000i\000o\000n\000e\000\040\000p\000e\000r\000\040\000i\000l\000\040\000r\000i\000l\000a\000s\000c\000i\000o\000\040\000d\000i\000\040\000u\000n\000\040\000f\000r\000a\000m\000e\000\040\000o\000c\000c\000u\000p\000a\000t\000o\000\040\000\050\000r\000i\000l\000a\000s\000c\000i\000a\000\137\000f\000r\000a\000m\000e\000\051}{section.10.12}% 132
\BOOKMARK [2][-]{subsection.10.12.3}{\376\377\000A\000l\000l\000o\000c\000a\000z\000i\000o\000n\000e\000\040\000d\000e\000l\000l\000a\000\040\000t\000a\000b\000e\000l\000l\000a\000\040\000c\000o\000n\000\040\000a\000l\000l\000o\000c\000a\000\137\000t\000a\000b\000\040\000\050\000u\000s\000a\000\040\000a\000l\000l\000o\000c\000a\000\137\000f\000r\000a\000m\000e\000\051}{section.10.12}% 133
\BOOKMARK [2][-]{subsection.10.12.4}{\376\377\000R\000i\000l\000a\000s\000c\000i\000o\000\040\000d\000e\000l\000l\000a\000\040\000t\000a\000b\000e\000l\000l\000a\000\040\000c\000o\000n\000\040\000r\000i\000l\000a\000s\000c\000i\000a\000\137\000t\000a\000b\000\040\000\050\000u\000s\000a\000\040\000r\000i\000l\000a\000s\000c\000i\000a\000\137\000f\000r\000a\000m\000e\000\051}{section.10.12}% 134
\BOOKMARK [2][-]{subsection.10.12.5}{\376\377\000S\000e\000t\000t\000a\000g\000g\000i\000o\000\040\000d\000e\000l\000l\000'\000e\000n\000t\000r\000a\000t\000a\000\040\000d\000i\000\040\000u\000n\000a\000\040\000t\000a\000b\000e\000l\000l\000a\000\040\000c\000o\000n\000\040\000s\000e\000t\000\137\000e\000n\000t\000r\000y}{section.10.12}% 135
\BOOKMARK [2][-]{subsection.10.12.6}{\376\377\000C\000o\000p\000i\000a\000\040\000d\000i\000\040\000d\000e\000s\000c\000r\000i\000t\000t\000o\000r\000i\000\040\000d\000a\000\040\000u\000n\000a\000\040\000t\000a\000b\000e\000l\000l\000a\000\040\000a\000\040\000u\000n\000'\000a\000l\000t\000r\000a\000\040\000\050\000c\000o\000p\000y\000\137\000d\000e\000s\000\051}{section.10.12}% 136
\BOOKMARK [2][-]{subsection.10.12.7}{\376\377\000S\000e\000t\000t\000a\000g\000g\000i\000o\000\040\000d\000i\000\040\000d\000e\000s\000c\000r\000i\000t\000t\000o\000r\000i\000\040\000u\000g\000u\000a\000l\000i\000\040\000i\000n\000\040\000u\000n\000a\000\040\000t\000a\000b\000e\000l\000l\000a\000\040\000\050\000s\000e\000t\000\137\000d\000e\000s\000\051}{section.10.12}% 137
\BOOKMARK [1][-]{section.10.13}{\376\377\000F\000u\000n\000z\000i\000o\000n\000e\000\040\000m\000a\000p}{chapter.10}% 138
\BOOKMARK [0][-]{chapter.11}{\376\377\000F\000u\000n\000z\000i\000o\000n\000e\000\040\000m\000a\000i\000n\000\040\000d\000e\000l\000\040\000m\000o\000d\000u\000l\000o\000\040\000s\000i\000s\000t\000e\000m\000a}{part.1}% 139
\BOOKMARK [1][-]{section.11.1}{\376\377\000P\000r\000e\000m\000e\000s\000s\000a\000:\000\040\000f\000u\000n\000z\000i\000o\000n\000e\000\040\000s\000t\000a\000r\000t\000\040\000\050\000i\000n\000d\000i\000r\000i\000z\000z\000i\000\040\000m\000o\000d\000u\000l\000i\000,\000\040\000I\000D\000T\000,\000\040\000c\000o\000s\000t\000r\000u\000t\000t\000o\000r\000i\000,\000\040\000c\000h\000i\000a\000m\000a\000t\000a\000\040\000m\000a\000i\000n\000\051}{chapter.11}% 140
\BOOKMARK [1][-]{section.11.2}{\376\377\000P\000r\000i\000m\000o\000\040\000p\000r\000o\000c\000e\000s\000s\000o\000,\000\040\000i\000n\000i\000z\000i\000a\000l\000i\000z\000z\000a\000z\000i\000o\000n\000e\000\040\000d\000i\000\040\000G\000D\000T\000\040\000e\000\040\000A\000P\000I\000C\000,\000\040\000a\000s\000s\000o\000c\000i\000a\000z\000i\000o\000n\000e\000\040\000d\000e\000l\000\040\000t\000i\000p\000o\000\040\000a\000l\000\040\000p\000i\000e\000d\000i\000n\000o\000\040\000d\000e\000l\000\040\000t\000i\000m\000e\000r}{chapter.11}% 141
\BOOKMARK [1][-]{section.11.3}{\376\377\000I\000n\000i\000z\000i\000a\000l\000i\000z\000z\000a\000z\000i\000o\000n\000e\000\040\000d\000i\000\040\000M\0002\000\040\000e\000\040\000i\000n\000d\000i\000r\000i\000z\000z\000i\000\040\000v\000i\000r\000t\000u\000a\000l\000i\000\040\000d\000e\000i\000\040\000v\000a\000r\000i\000\040\000i\000n\000t\000e\000r\000v\000a\000l\000l\000i}{chapter.11}% 142
\BOOKMARK [2][-]{subsection.11.3.1}{\376\377\000F\000u\000n\000z\000i\000o\000n\000e\000\040\000i\000n\000i\000t\000\137\000f\000r\000a\000m\000e}{section.11.3}% 143
\BOOKMARK [2][-]{subsection.11.3.2}{\376\377\000I\000n\000d\000i\000r\000i\000z\000z\000i\000\040\000v\000i\000r\000t\000u\000a\000l\000i\000\040\000i\000n\000i\000z\000i\000a\000l\000i\000\040\000e\000\040\000f\000i\000n\000a\000l\000i\000\040\000d\000i\000\040\000t\000u\000t\000t\000i\000\040\000g\000l\000i\000\040\000i\000n\000t\000e\000r\000v\000a\000l\000l\000i}{section.11.3}% 144
\BOOKMARK [1][-]{section.11.4}{\376\377\000A\000l\000l\000o\000c\000a\000z\000i\000o\000n\000e\000\040\000d\000i\000\040\000u\000n\000a\000\040\000t\000a\000b\000e\000l\000l\000a\000\040\000r\000a\000d\000i\000c\000e\000\040\000e\000\040\000c\000r\000e\000a\000z\000i\000o\000n\000e\000\040\000d\000e\000l\000l\000a\000\040\000f\000i\000n\000e\000s\000t\000r\000a\000\040\000s\000u\000l\000l\000a\000\040\000m\000e\000m\000o\000r\000i\000a\000\040\000f\000i\000s\000i\000c\000a}{chapter.11}% 145
\BOOKMARK [2][-]{subsection.11.4.1}{\376\377\000F\000u\000n\000z\000i\000o\000n\000e\000\040\000c\000r\000e\000a\000\137\000f\000i\000n\000e\000s\000t\000r\000a\000\137\000f\000m}{section.11.4}% 146
\BOOKMARK [1][-]{section.11.5}{\376\377\000C\000r\000e\000a\000z\000i\000o\000n\000e\000\040\000d\000e\000l\000l\000o\000\040\000s\000p\000a\000z\000i\000o\000\040\000c\000o\000n\000d\000i\000v\000i\000s\000o}{chapter.11}% 147
\BOOKMARK [1][-]{section.11.6}{\376\377\000R\000e\000g\000i\000s\000t\000r\000o\000\040\000C\000R\0003}{chapter.11}% 148
\BOOKMARK [1][-]{section.11.7}{\376\377\000I\000n\000i\000z\000i\000a\000l\000i\000z\000z\000a\000z\000i\000o\000n\000e\000\040\000d\000e\000l\000l\000o\000\040\000h\000e\000a\000p}{chapter.11}% 149
\BOOKMARK [1][-]{section.11.8}{\376\377\000C\000r\000e\000a\000z\000i\000o\000n\000e\000\040\000p\000r\000o\000c\000e\000s\000s\000o\000\040\000s\000i\000s\000t\000e\000m\000a}{chapter.11}% 150
\BOOKMARK [2][-]{subsection.11.8.1}{\376\377\000F\000u\000n\000z\000i\000o\000n\000e\000\040\000c\000r\000e\000a\000\137\000p\000r\000o\000c\000e\000s\000s\000o\000,\000\040\000i\000n\000i\000z\000i\000a\000l\000i\000z\000z\000a\000z\000i\000o\000n\000e\000\040\000d\000e\000l\000l\000a\000\040\000p\000i\000l\000a\000\040\000s\000i\000s\000t\000e\000m\000a\000\040\000e\000d\000\040\000e\000v\000e\000n\000t\000u\000a\000l\000m\000e\000n\000t\000e\000\040\000d\000e\000l\000l\000a\000\040\000p\000i\000l\000a\000\040\000u\000t\000e\000n\000t\000e\000,\000\040\000i\000n\000i\000z\000i\000a\000l\000i\000z\000z\000a\000z\000i\000o\000n\000e\000\040\000d\000e\000l\000\040\000p\000u\000n\000t\000\137\000n\000u\000c\000l\000e\000o}{section.11.8}% 151
\BOOKMARK [1][-]{section.11.9}{\376\377\000C\000r\000e\000a\000z\000i\000o\000n\000e\000\040\000p\000r\000o\000c\000e\000s\000s\000o\000\040\000d\000u\000m\000m\000y}{chapter.11}% 152
\BOOKMARK [1][-]{section.11.10}{\376\377\000S\000c\000h\000e\000d\000u\000l\000a\000t\000o\000r\000e}{chapter.11}% 153
\BOOKMARK [1][-]{section.11.11}{\376\377\000F\000u\000n\000z\000i\000o\000n\000e\000\040\000s\000a\000l\000t\000a\000\137\000a\000\137\000m\000a\000i\000n}{chapter.11}% 154
\BOOKMARK [1][-]{section.11.12}{\376\377\000F\000u\000n\000z\000i\000o\000n\000e\000\040\000m\000a\000i\000n\000\137\000s\000i\000s\000t\000e\000m\000a}{chapter.11}% 155
\BOOKMARK [0][-]{chapter.12}{\376\377\000P\000e\000r\000i\000f\000e\000r\000i\000c\000h\000e}{part.1}% 156
\BOOKMARK [1][-]{section.12.1}{\376\377\000I\000/\000O\000\040\000n\000e\000l\000\040\000n\000u\000c\000l\000e\000o}{chapter.12}% 157
\BOOKMARK [2][-]{subsection.12.1.1}{\376\377\000L\000i\000m\000i\000t\000a\000z\000i\000o\000n\000i\000\040\000s\000u\000l\000l\000'\000u\000t\000e\000n\000t\000e}{section.12.1}% 158
\BOOKMARK [2][-]{subsection.12.1.2}{\376\377\000Q\000u\000e\000s\000t\000i\000o\000n\000i\000/\000p\000r\000o\000b\000l\000e\000m\000i\000\040\000d\000e\000l\000e\000g\000a\000t\000i\000\040\000a\000l\000l\000e\000\040\000p\000r\000i\000m\000i\000t\000i\000v\000e}{section.12.1}% 159
\BOOKMARK [2][-]{subsection.12.1.3}{\376\377\000S\000c\000h\000e\000m\000a\000\040\000d\000i\000\040\000u\000n\000a\000\040\000p\000r\000i\000m\000i\000t\000i\000v\000a\000\040\000d\000i\000\040\000I\000/\000O\000\040\000\050\000I\000N\000\040\000r\000e\000a\000d\000,\000\040\000O\000U\000T\000\040\000w\000r\000i\000t\000e\000\051}{section.12.1}% 160
\BOOKMARK [2][-]{subsection.12.1.4}{\376\377\000N\000e\000c\000e\000s\000s\000i\000t\000\340\000\040\000d\000i\000\040\000p\000i\000\371\000\040\000i\000n\000t\000e\000r\000r\000u\000z\000i\000o\000n\000i\000,\000\040\000p\000r\000i\000m\000i\000t\000i\000v\000e\000\040\000e\000\040\000d\000r\000i\000v\000e\000r}{section.12.1}% 161
\BOOKMARK [2][-]{subsection.12.1.5}{\376\377\000I\000m\000p\000l\000e\000m\000e\000n\000t\000a\000z\000i\000o\000n\000e\000\040\000d\000e\000l\000l\000e\000\040\000p\000r\000i\000m\000i\000t\000i\000v\000e\000\040\000e\000\040\000d\000i\000f\000f\000e\000r\000e\000n\000z\000e\000\040\000c\000o\000n\000\040\000l\000e\000\040\000c\000l\000a\000s\000s\000i\000c\000h\000e\000\040\000p\000r\000i\000m\000i\000t\000i\000v\000e}{section.12.1}% 162
\BOOKMARK [3][-]{subsubsection.12.1.5.1}{\376\377\000P\000r\000o\000t\000o\000t\000i\000p\000o\000\040\000d\000i\000\040\000d\000e\000s\000c\000r\000i\000t\000t\000o\000r\000e\000\040\000d\000i\000\040\000p\000e\000r\000i\000f\000e\000r\000i\000c\000a\000\040\000e\000\040\000a\000r\000r\000a\000y\000\040\000d\000i\000\040\000d\000e\000s\000c\000r\000i\000t\000t\000o\000r\000i}{subsection.12.1.5}% 163
\BOOKMARK [3][-]{subsubsection.12.1.5.2}{\376\377\000A\000s\000s\000e\000m\000b\000l\000e\000r}{subsection.12.1.5}% 164
\BOOKMARK [3][-]{subsubsection.12.1.5.3}{\376\377\000C\000+\000+}{subsection.12.1.5}% 165
\BOOKMARK [2][-]{subsection.12.1.6}{\376\377\000I\000m\000p\000l\000e\000m\000e\000n\000t\000a\000z\000i\000o\000n\000e\000\040\000d\000e\000l\000\040\000d\000r\000i\000v\000e\000r}{section.12.1}% 166
\BOOKMARK [3][-]{subsubsection.12.1.6.1}{\376\377\000A\000s\000s\000e\000m\000b\000l\000e\000r}{subsection.12.1.6}% 167
\BOOKMARK [3][-]{subsubsection.12.1.6.2}{\376\377\000C\000+\000+}{subsection.12.1.6}% 168
\BOOKMARK [1][-]{section.12.2}{\376\377\000I\000l\000\040\000p\000r\000o\000b\000l\000e\000m\000a\000\040\000d\000e\000l\000\040\000c\000a\000v\000a\000l\000l\000o\000\040\000d\000i\000\040\000T\000r\000o\000i\000a\000,\000\040\000p\000r\000i\000m\000i\000t\000i\000v\000a\000\040\000a\000c\000c\000e\000s\000s}{chapter.12}% 169
\BOOKMARK [1][-]{section.12.3}{\376\377\000I\000n\000t\000r\000o\000d\000u\000z\000i\000o\000n\000e\000\040\000d\000e\000l\000\040\000M\000o\000d\000u\000l\000o\000\040\000I\000/\000O\000:\000\040\000p\000e\000r\000c\000h\000\351\000\040\000e\000\040\000v\000a\000n\000t\000a\000g\000g\000i}{chapter.12}% 170
\BOOKMARK [1][-]{section.12.4}{\376\377\000P\000r\000o\000c\000e\000s\000s\000i\000\040\000e\000s\000t\000e\000r\000n\000i}{chapter.12}% 171
\BOOKMARK [2][-]{subsection.12.4.1}{\376\377\000C\000r\000e\000a\000z\000i\000o\000n\000e\000\040\000d\000e\000l\000\040\000p\000r\000o\000c\000e\000s\000s\000o\000\040\000e\000s\000t\000e\000r\000n\000o}{section.12.4}% 172
\BOOKMARK [3][-]{subsubsection.12.4.1.1}{\376\377\000P\000r\000i\000m\000i\000t\000i\000v\000a\000\040\000a\000c\000t\000i\000v\000a\000t\000e\000\137\000p\000e}{subsection.12.4.1}% 173
\BOOKMARK [3][-]{subsubsection.12.4.1.2}{\376\377\000A\000r\000r\000a\000y\000\040\000d\000i\000\040\000p\000u\000n\000t\000a\000t\000o\000r\000i\000\040\000a\000\040\000d\000e\000s\000c\000r\000i\000t\000t\000o\000r\000i\000\040\000d\000i\000\040\000p\000r\000o\000c\000e\000s\000s\000o\000\040\000e\000s\000t\000e\000r\000n\000i}{subsection.12.4.1}% 174
\BOOKMARK [3][-]{subsubsection.12.4.1.3}{\376\377\000F\000u\000n\000z\000i\000o\000n\000e\000\040\000a\000g\000g\000i\000u\000n\000g\000i\000\137\000p\000e}{subsection.12.4.1}% 175
\BOOKMARK [2][-]{subsection.12.4.2}{\376\377\000S\000t\000r\000u\000t\000t\000u\000r\000a\000\040\000d\000e\000l\000\040\000p\000r\000o\000c\000e\000s\000s\000o\000\040\000e\000s\000t\000e\000r\000n\000o\000\040\000e\000\040\000r\000o\000u\000t\000i\000n\000e\000\040\000h\000a\000n\000d\000l\000e\000r}{section.12.4}% 176
\BOOKMARK [2][-]{subsection.12.4.3}{\376\377\000P\000r\000i\000m\000i\000t\000i\000v\000a\000\040\000w\000f\000i}{section.12.4}% 177
\BOOKMARK [2][-]{subsection.12.4.4}{\376\377\000E\000s\000e\000m\000p\000i\000o\000\040\000d\000i\000\040\000e\000s\000e\000c\000u\000z\000i\000o\000n\000e\000,\000\040\000p\000a\000s\000s\000a\000g\000g\000i\000o\000\040\000t\000r\000a\000\040\000i\000\040\000v\000a\000r\000i\000\040\000m\000o\000d\000u\000l\000i}{section.12.4}% 178
\BOOKMARK [2][-]{subsection.12.4.5}{\376\377\000R\000e\000c\000a\000p}{section.12.4}% 179
\BOOKMARK [1][-]{section.12.5}{\376\377\000P\000r\000i\000m\000i\000t\000i\000v\000e\000\040\000p\000e\000r\000\040\000o\000p\000e\000r\000a\000z\000i\000o\000n\000i\000\040\000d\000i\000\040\000b\000u\000s\000\040\000m\000a\000s\000t\000e\000r\000i\000n\000g}{chapter.12}% 180
\BOOKMARK [2][-]{subsection.12.5.1}{\376\377\000P\000r\000o\000b\000l\000e\000m\000i\000\040\000c\000o\000l\000\040\000b\000u\000s\000\040\000m\000a\000s\000t\000e\000r}{section.12.5}% 181
\BOOKMARK [0][-]{chapter.13}{\376\377\000C\000o\000d\000i\000c\000e\000\040\000d\000e\000l\000\040\000M\000o\000d\000u\000l\000o\000\040\000I\000/\000O}{part.1}% 182
\BOOKMARK [1][-]{section.13.1}{\376\377\000C\000o\000n\000t\000e\000n\000u\000t\000o\000\040\000d\000e\000l\000l\000a\000\040\000c\000a\000r\000t\000e\000l\000l\000a\000\040\000i\000o}{chapter.13}% 183
\BOOKMARK [1][-]{section.13.2}{\376\377\000R\000i\000t\000o\000r\000n\000i\000a\000m\000o\000\040\000n\000e\000l\000l\000a\000\040\000c\000a\000r\000t\000e\000l\000l\000a\000\040\000i\000n\000c\000l\000u\000d\000e}{chapter.13}% 184
\BOOKMARK [2][-]{subsection.13.2.1}{\376\377\000s\000y\000s\000.\000h}{section.13.2}% 185
\BOOKMARK [2][-]{subsection.13.2.2}{\376\377\000i\000o\000.\000h}{section.13.2}% 186
\BOOKMARK [2][-]{subsection.13.2.3}{\376\377\000s\000y\000s\000i\000o\000.\000h}{section.13.2}% 187
\BOOKMARK [1][-]{section.13.3}{\376\377\000F\000i\000l\000e\000\040\000i\000o\000.\000s}{chapter.13}% 188
\BOOKMARK [2][-]{subsection.13.3.1}{\376\377\000S\000o\000l\000i\000t\000e\000\040\000i\000n\000i\000z\000i\000a\000l\000i\000z\000z\000a\000z\000i\000o\000n\000i}{section.13.3}% 189
\BOOKMARK [2][-]{subsection.13.3.2}{\376\377\000I\000n\000t\000e\000r\000f\000a\000c\000c\000e}{section.13.3}% 190
\BOOKMARK [2][-]{subsection.13.3.3}{\376\377\000G\000a\000t\000e\000\040\000p\000e\000r\000\040\000l\000e\000\040\000p\000r\000i\000m\000i\000t\000i\000v\000e\000\040\000d\000i\000\040\000I\000/\000O}{section.13.3}% 191
\BOOKMARK [2][-]{subsection.13.3.4}{\376\377\000P\000r\000i\000m\000i\000t\000i\000v\000e\000\040\000d\000i\000\040\000I\000/\000O}{section.13.3}% 192
\BOOKMARK [1][-]{section.13.4}{\376\377\000F\000i\000l\000e\000\040\000i\000o\000.\000c\000p\000p}{chapter.13}% 193
\BOOKMARK [2][-]{subsection.13.4.1}{\376\377\000F\000u\000n\000z\000i\000o\000n\000e\000\040\000m\000a\000i\000n}{section.13.4}% 194
\BOOKMARK [2][-]{subsection.13.4.2}{\376\377\000H\000e\000a\000p\000\040\000d\000e\000l\000\040\000m\000o\000d\000u\000l\000o\000\040\000I\000/\000O}{section.13.4}% 195
\BOOKMARK [-1][-]{part.2}{\376\377\000I\000I\000\040\000M\000o\000d\000e\000l\000l\000o\000\040\000d\000i\000\040\000p\000r\000o\000v\000a\000\040\000d\000'\000e\000s\000a\000m\000e\000\040\000-\000\040\000S\000e\000m\000a\000f\000o\000r\000o\000\040\000m\000u\000t\000e\000x}{}% 196
